Analysis & Synthesis report for Datapath
Wed Jun 26 10:29:17 2024
Quartus II 64-Bit Version 13.0.1 Build 232 06/12/2013 Service Pack 1 SJ Web Edition


---------------------
; Table of Contents ;
---------------------
  1. Legal Notice
  2. Analysis & Synthesis Summary
  3. Analysis & Synthesis Settings
  4. Parallel Compilation
  5. Analysis & Synthesis Source Files Read
  6. Analysis & Synthesis Resource Usage Summary
  7. Analysis & Synthesis Resource Utilization by Entity
  8. User-Specified and Inferred Latches
  9. General Register Statistics
 10. Multiplexer Restructuring Statistics (Restructuring Performed)
 11. Parameter Settings for User Entity Instance: Temporizador:INST_Temporizador
 12. Parameter Settings for User Entity Instance: SingleROM:INST_ROM_RefPeso
 13. Parameter Settings for User Entity Instance: Registrador:INST_Reg_A_Atual
 14. Parameter Settings for User Entity Instance: Registrador:INST_Reg_Peso
 15. Parameter Settings for User Entity Instance: Fileira:INST_Fila_Andar
 16. Parameter Settings for User Entity Instance: Comparador:INST_Comp_Andar
 17. Parameter Settings for User Entity Instance: Comparador:INST_Comp_Peso
 18. Parameter Settings for User Entity Instance: Bcd_7sWd:INST_Display_Peso
 19. Parameter Settings for User Entity Instance: Bcd_7sWd:INST_Display_I
 20. Parameter Settings for User Entity Instance: Bcd_7sWd:INST_Display_E
 21. Parameter Settings for Inferred Entity Instance: Bcd_7sWd:INST_Display_Peso|lpm_divide:Mod0
 22. Parameter Settings for Inferred Entity Instance: Bcd_7sWd:INST_Display_Peso|lpm_divide:Div0
 23. Parameter Settings for Inferred Entity Instance: Bcd_7sWd:INST_Display_Peso|lpm_divide:Mod1
 24. Parameter Settings for Inferred Entity Instance: Bcd_7sWd:INST_Display_Peso|lpm_divide:Div1
 25. Parameter Settings for Inferred Entity Instance: Bcd_7sWd:INST_Display_Peso|lpm_divide:Mod2
 26. Parameter Settings for Inferred Entity Instance: Bcd_7sWd:INST_Display_I|lpm_divide:Mod0
 27. Parameter Settings for Inferred Entity Instance: Bcd_7sWd:INST_Display_I|lpm_divide:Div0
 28. Parameter Settings for Inferred Entity Instance: Bcd_7sWd:INST_Display_I|lpm_divide:Mod1
 29. Parameter Settings for Inferred Entity Instance: Fileira:INST_Fila_Andar|lpm_divide:Mod1
 30. Parameter Settings for Inferred Entity Instance: Fileira:INST_Fila_Andar|lpm_divide:Mod0
 31. Port Connectivity Checks: "Comparador:INST_Comp_Peso"
 32. Port Connectivity Checks: "Comparador:INST_Comp_Andar"
 33. Port Connectivity Checks: "Registrador:INST_Reg_Peso"
 34. Elapsed Time Per Partition
 35. Analysis & Synthesis Messages



----------------
; Legal Notice ;
----------------
Copyright (C) 1991-2013 Altera Corporation
Your use of Altera Corporation's design tools, logic functions 
and other software and tools, and its AMPP partner logic 
functions, and any output files from any of the foregoing 
(including device programming or simulation files), and any 
associated documentation or information are expressly subject 
to the terms and conditions of the Altera Program License 
Subscription Agreement, Altera MegaCore Function License 
Agreement, or other applicable license agreement, including, 
without limitation, that your use is for the sole purpose of 
programming logic devices manufactured by Altera and sold by 
Altera or its authorized distributors.  Please refer to the 
applicable agreement for further details.



+--------------------------------------------------------------------------------------+
; Analysis & Synthesis Summary                                                         ;
+------------------------------------+-------------------------------------------------+
; Analysis & Synthesis Status        ; Successful - Wed Jun 26 10:29:17 2024           ;
; Quartus II 64-Bit Version          ; 13.0.1 Build 232 06/12/2013 SP 1 SJ Web Edition ;
; Revision Name                      ; Datapath                                        ;
; Top-level Entity Name              ; Datapath                                        ;
; Family                             ; Cyclone II                                      ;
; Total logic elements               ; 4,289                                           ;
;     Total combinational functions  ; 4,203                                           ;
;     Dedicated logic registers      ; 186                                             ;
; Total registers                    ; 186                                             ;
; Total pins                         ; 88                                              ;
; Total virtual pins                 ; 0                                               ;
; Total memory bits                  ; 0                                               ;
; Embedded Multiplier 9-bit elements ; 0                                               ;
; Total PLLs                         ; 0                                               ;
+------------------------------------+-------------------------------------------------+


+----------------------------------------------------------------------------------------------------------------------+
; Analysis & Synthesis Settings                                                                                        ;
+----------------------------------------------------------------------------+--------------------+--------------------+
; Option                                                                     ; Setting            ; Default Value      ;
+----------------------------------------------------------------------------+--------------------+--------------------+
; Device                                                                     ; EP2C35F672C6       ;                    ;
; Top-level entity name                                                      ; Datapath           ; Datapath           ;
; Family name                                                                ; Cyclone II         ; Cyclone IV GX      ;
; Use smart compilation                                                      ; Off                ; Off                ;
; Enable parallel Assembler and TimeQuest Timing Analyzer during compilation ; On                 ; On                 ;
; Enable compact report table                                                ; Off                ; Off                ;
; Restructure Multiplexers                                                   ; Auto               ; Auto               ;
; Create Debugging Nodes for IP Cores                                        ; Off                ; Off                ;
; Preserve fewer node names                                                  ; On                 ; On                 ;
; Disable OpenCore Plus hardware evaluation                                  ; Off                ; Off                ;
; Verilog Version                                                            ; Verilog_2001       ; Verilog_2001       ;
; VHDL Version                                                               ; VHDL_1993          ; VHDL_1993          ;
; State Machine Processing                                                   ; Auto               ; Auto               ;
; Safe State Machine                                                         ; Off                ; Off                ;
; Extract Verilog State Machines                                             ; On                 ; On                 ;
; Extract VHDL State Machines                                                ; On                 ; On                 ;
; Ignore Verilog initial constructs                                          ; Off                ; Off                ;
; Iteration limit for constant Verilog loops                                 ; 5000               ; 5000               ;
; Iteration limit for non-constant Verilog loops                             ; 250                ; 250                ;
; Add Pass-Through Logic to Inferred RAMs                                    ; On                 ; On                 ;
; Infer RAMs from Raw Logic                                                  ; On                 ; On                 ;
; Parallel Synthesis                                                         ; On                 ; On                 ;
; DSP Block Balancing                                                        ; Auto               ; Auto               ;
; NOT Gate Push-Back                                                         ; On                 ; On                 ;
; Power-Up Don't Care                                                        ; On                 ; On                 ;
; Remove Redundant Logic Cells                                               ; Off                ; Off                ;
; Remove Duplicate Registers                                                 ; On                 ; On                 ;
; Ignore CARRY Buffers                                                       ; Off                ; Off                ;
; Ignore CASCADE Buffers                                                     ; Off                ; Off                ;
; Ignore GLOBAL Buffers                                                      ; Off                ; Off                ;
; Ignore ROW GLOBAL Buffers                                                  ; Off                ; Off                ;
; Ignore LCELL Buffers                                                       ; Off                ; Off                ;
; Ignore SOFT Buffers                                                        ; On                 ; On                 ;
; Limit AHDL Integers to 32 Bits                                             ; Off                ; Off                ;
; Optimization Technique                                                     ; Balanced           ; Balanced           ;
; Carry Chain Length                                                         ; 70                 ; 70                 ;
; Auto Carry Chains                                                          ; On                 ; On                 ;
; Auto Open-Drain Pins                                                       ; On                 ; On                 ;
; Perform WYSIWYG Primitive Resynthesis                                      ; Off                ; Off                ;
; Auto ROM Replacement                                                       ; On                 ; On                 ;
; Auto RAM Replacement                                                       ; On                 ; On                 ;
; Auto Shift Register Replacement                                            ; Auto               ; Auto               ;
; Allow Shift Register Merging across Hierarchies                            ; Auto               ; Auto               ;
; Auto Clock Enable Replacement                                              ; On                 ; On                 ;
; Strict RAM Replacement                                                     ; Off                ; Off                ;
; Allow Synchronous Control Signals                                          ; On                 ; On                 ;
; Force Use of Synchronous Clear Signals                                     ; Off                ; Off                ;
; Auto RAM to Logic Cell Conversion                                          ; Off                ; Off                ;
; Auto Resource Sharing                                                      ; Off                ; Off                ;
; Allow Any RAM Size For Recognition                                         ; Off                ; Off                ;
; Allow Any ROM Size For Recognition                                         ; Off                ; Off                ;
; Allow Any Shift Register Size For Recognition                              ; Off                ; Off                ;
; Use LogicLock Constraints during Resource Balancing                        ; On                 ; On                 ;
; Ignore translate_off and synthesis_off directives                          ; Off                ; Off                ;
; Timing-Driven Synthesis                                                    ; Off                ; Off                ;
; Report Parameter Settings                                                  ; On                 ; On                 ;
; Report Source Assignments                                                  ; On                 ; On                 ;
; Report Connectivity Checks                                                 ; On                 ; On                 ;
; Ignore Maximum Fan-Out Assignments                                         ; Off                ; Off                ;
; Synchronization Register Chain Length                                      ; 2                  ; 2                  ;
; PowerPlay Power Optimization                                               ; Normal compilation ; Normal compilation ;
; HDL message level                                                          ; Level2             ; Level2             ;
; Suppress Register Optimization Related Messages                            ; Off                ; Off                ;
; Number of Removed Registers Reported in Synthesis Report                   ; 5000               ; 5000               ;
; Number of Swept Nodes Reported in Synthesis Report                         ; 5000               ; 5000               ;
; Number of Inverted Registers Reported in Synthesis Report                  ; 100                ; 100                ;
; Clock MUX Protection                                                       ; On                 ; On                 ;
; Auto Gated Clock Conversion                                                ; Off                ; Off                ;
; Block Design Naming                                                        ; Auto               ; Auto               ;
; SDC constraint protection                                                  ; Off                ; Off                ;
; Synthesis Effort                                                           ; Auto               ; Auto               ;
; Shift Register Replacement - Allow Asynchronous Clear Signal               ; On                 ; On                 ;
; Pre-Mapping Resynthesis Optimization                                       ; Off                ; Off                ;
; Analysis & Synthesis Message Level                                         ; Medium             ; Medium             ;
; Disable Register Merging Across Hierarchies                                ; Auto               ; Auto               ;
; Resource Aware Inference For Block RAM                                     ; On                 ; On                 ;
; Synthesis Seed                                                             ; 1                  ; 1                  ;
+----------------------------------------------------------------------------+--------------------+--------------------+


Parallel compilation was disabled, but you have multiple processors available. Enable parallel compilation to reduce compilation time.
+-------------------------------------+
; Parallel Compilation                ;
+----------------------------+--------+
; Processors                 ; Number ;
+----------------------------+--------+
; Number detected on machine ; 12     ;
; Maximum allowed            ; 1      ;
+----------------------------+--------+


+---------------------------------------------------------------------------------------------------------------------------------------------------------------------------------------------------+
; Analysis & Synthesis Source Files Read                                                                                                                                                            ;
+----------------------------------+-----------------+------------------------------+-----------------------------------------------------------------------------------------------------+---------+
; File Name with User-Entered Path ; Used in Netlist ; File Type                    ; File Name with Absolute Path                                                                        ; Library ;
+----------------------------------+-----------------+------------------------------+-----------------------------------------------------------------------------------------------------+---------+
; ../Temporizador/Temporizador.vhd ; yes             ; User VHDL File               ; C:/Users/Administrador/Documents/UFMG/5_Periodo/LSD/TP_Elevador/Temporizador/Temporizador.vhd       ;         ;
; ../SingleROM/SingleROM.vhd       ; yes             ; User VHDL File               ; C:/Users/Administrador/Documents/UFMG/5_Periodo/LSD/TP_Elevador/SingleROM/SingleROM.vhd             ;         ;
; ../Registrador/Registrador.vhd   ; yes             ; User VHDL File               ; C:/Users/Administrador/Documents/UFMG/5_Periodo/LSD/TP_Elevador/Registrador/Registrador.vhd         ;         ;
; ../Fileira/Fileira.vhd           ; yes             ; User VHDL File               ; C:/Users/Administrador/Documents/UFMG/5_Periodo/LSD/TP_Elevador/Fileira/Fileira.vhd                 ;         ;
; ../Emergencia/Emergencia.vhd     ; yes             ; User VHDL File               ; C:/Users/Administrador/Documents/UFMG/5_Periodo/LSD/TP_Elevador/Emergencia/Emergencia.vhd           ;         ;
; ../Comparador/Comparador.vhd     ; yes             ; User VHDL File               ; C:/Users/Administrador/Documents/UFMG/5_Periodo/LSD/TP_Elevador/Comparador/Comparador.vhd           ;         ;
; ../BCD_7sWd/BCD_7sWd.vhd         ; yes             ; User VHDL File               ; C:/Users/Administrador/Documents/UFMG/5_Periodo/LSD/TP_Elevador/BCD_7sWd/BCD_7sWd.vhd               ;         ;
; Datapath.vhd                     ; yes             ; User VHDL File               ; C:/Users/Administrador/Documents/UFMG/5_Periodo/LSD/TP_Elevador/Datapath/Datapath.vhd               ;         ;
; lpm_divide.tdf                   ; yes             ; Megafunction                 ; a:/program files/altera/quartus/libraries/megafunctions/lpm_divide.tdf                              ;         ;
; abs_divider.inc                  ; yes             ; Megafunction                 ; a:/program files/altera/quartus/libraries/megafunctions/abs_divider.inc                             ;         ;
; sign_div_unsign.inc              ; yes             ; Megafunction                 ; a:/program files/altera/quartus/libraries/megafunctions/sign_div_unsign.inc                         ;         ;
; aglobal130.inc                   ; yes             ; Megafunction                 ; a:/program files/altera/quartus/libraries/megafunctions/aglobal130.inc                              ;         ;
; db/lpm_divide_a5m.tdf            ; yes             ; Auto-Generated Megafunction  ; C:/Users/Administrador/Documents/UFMG/5_Periodo/LSD/TP_Elevador/Datapath/db/lpm_divide_a5m.tdf      ;         ;
; db/sign_div_unsign_hkh.tdf       ; yes             ; Auto-Generated Megafunction  ; C:/Users/Administrador/Documents/UFMG/5_Periodo/LSD/TP_Elevador/Datapath/db/sign_div_unsign_hkh.tdf ;         ;
; db/alt_u_div_40f.tdf             ; yes             ; Auto-Generated Megafunction  ; C:/Users/Administrador/Documents/UFMG/5_Periodo/LSD/TP_Elevador/Datapath/db/alt_u_div_40f.tdf       ;         ;
; db/add_sub_lkc.tdf               ; yes             ; Auto-Generated Megafunction  ; C:/Users/Administrador/Documents/UFMG/5_Periodo/LSD/TP_Elevador/Datapath/db/add_sub_lkc.tdf         ;         ;
; db/add_sub_mkc.tdf               ; yes             ; Auto-Generated Megafunction  ; C:/Users/Administrador/Documents/UFMG/5_Periodo/LSD/TP_Elevador/Datapath/db/add_sub_mkc.tdf         ;         ;
; db/lpm_divide_2dm.tdf            ; yes             ; Auto-Generated Megafunction  ; C:/Users/Administrador/Documents/UFMG/5_Periodo/LSD/TP_Elevador/Datapath/db/lpm_divide_2dm.tdf      ;         ;
; db/sign_div_unsign_ckh.tdf       ; yes             ; Auto-Generated Megafunction  ; C:/Users/Administrador/Documents/UFMG/5_Periodo/LSD/TP_Elevador/Datapath/db/sign_div_unsign_ckh.tdf ;         ;
; db/alt_u_div_qve.tdf             ; yes             ; Auto-Generated Megafunction  ; C:/Users/Administrador/Documents/UFMG/5_Periodo/LSD/TP_Elevador/Datapath/db/alt_u_div_qve.tdf       ;         ;
; db/lpm_divide_65m.tdf            ; yes             ; Auto-Generated Megafunction  ; C:/Users/Administrador/Documents/UFMG/5_Periodo/LSD/TP_Elevador/Datapath/db/lpm_divide_65m.tdf      ;         ;
; db/sign_div_unsign_dkh.tdf       ; yes             ; Auto-Generated Megafunction  ; C:/Users/Administrador/Documents/UFMG/5_Periodo/LSD/TP_Elevador/Datapath/db/sign_div_unsign_dkh.tdf ;         ;
; db/alt_u_div_sve.tdf             ; yes             ; Auto-Generated Megafunction  ; C:/Users/Administrador/Documents/UFMG/5_Periodo/LSD/TP_Elevador/Datapath/db/alt_u_div_sve.tdf       ;         ;
; db/lpm_divide_0dm.tdf            ; yes             ; Auto-Generated Megafunction  ; C:/Users/Administrador/Documents/UFMG/5_Periodo/LSD/TP_Elevador/Datapath/db/lpm_divide_0dm.tdf      ;         ;
; db/sign_div_unsign_akh.tdf       ; yes             ; Auto-Generated Megafunction  ; C:/Users/Administrador/Documents/UFMG/5_Periodo/LSD/TP_Elevador/Datapath/db/sign_div_unsign_akh.tdf ;         ;
; db/alt_u_div_mve.tdf             ; yes             ; Auto-Generated Megafunction  ; C:/Users/Administrador/Documents/UFMG/5_Periodo/LSD/TP_Elevador/Datapath/db/alt_u_div_mve.tdf       ;         ;
; db/lpm_divide_qlo.tdf            ; yes             ; Auto-Generated Megafunction  ; C:/Users/Administrador/Documents/UFMG/5_Periodo/LSD/TP_Elevador/Datapath/db/lpm_divide_qlo.tdf      ;         ;
; db/abs_divider_4dg.tdf           ; yes             ; Auto-Generated Megafunction  ; C:/Users/Administrador/Documents/UFMG/5_Periodo/LSD/TP_Elevador/Datapath/db/abs_divider_4dg.tdf     ;         ;
; db/alt_u_div_k5f.tdf             ; yes             ; Auto-Generated Megafunction  ; C:/Users/Administrador/Documents/UFMG/5_Periodo/LSD/TP_Elevador/Datapath/db/alt_u_div_k5f.tdf       ;         ;
; db/lpm_abs_0s9.tdf               ; yes             ; Auto-Generated Megafunction  ; C:/Users/Administrador/Documents/UFMG/5_Periodo/LSD/TP_Elevador/Datapath/db/lpm_abs_0s9.tdf         ;         ;
+----------------------------------+-----------------+------------------------------+-----------------------------------------------------------------------------------------------------+---------+


+--------------------------------------------------------+
; Analysis & Synthesis Resource Usage Summary            ;
+---------------------------------------------+----------+
; Resource                                    ; Usage    ;
+---------------------------------------------+----------+
; Estimated Total logic elements              ; 4,289    ;
;                                             ;          ;
; Total combinational functions               ; 4203     ;
; Logic element usage by number of LUT inputs ;          ;
;     -- 4 input functions                    ; 1401     ;
;     -- 3 input functions                    ; 1283     ;
;     -- <=2 input functions                  ; 1519     ;
;                                             ;          ;
; Logic elements by mode                      ;          ;
;     -- normal mode                          ; 2800     ;
;     -- arithmetic mode                      ; 1403     ;
;                                             ;          ;
; Total registers                             ; 186      ;
;     -- Dedicated logic registers            ; 186      ;
;     -- I/O registers                        ; 0        ;
;                                             ;          ;
; I/O pins                                    ; 88       ;
; Embedded Multiplier 9-bit elements          ; 0        ;
; Maximum fan-out node                        ; DP_Clock ;
; Maximum fan-out                             ; 186      ;
; Total fan-out                               ; 13085    ;
; Average fan-out                             ; 2.92     ;
+---------------------------------------------+----------+


+-------------------------------------------------------------------------------------------------------------------------------------------------------------------------------------------------------------------------------------------------------------------------------------------------------------+
; Analysis & Synthesis Resource Utilization by Entity                                                                                                                                                                                                                                                         ;
+-------------------------------------------+-------------------+--------------+-------------+--------------+---------+-----------+------+--------------+--------------------------------------------------------------------------------------------------------------------------------------+--------------+
; Compilation Hierarchy Node                ; LC Combinationals ; LC Registers ; Memory Bits ; DSP Elements ; DSP 9x9 ; DSP 18x18 ; Pins ; Virtual Pins ; Full Hierarchy Name                                                                                                                  ; Library Name ;
+-------------------------------------------+-------------------+--------------+-------------+--------------+---------+-----------+------+--------------+--------------------------------------------------------------------------------------------------------------------------------------+--------------+
; |Datapath                                 ; 4203 (0)          ; 186 (0)      ; 0           ; 0            ; 0       ; 0         ; 88   ; 0            ; |Datapath                                                                                                                            ; work         ;
;    |Bcd_7sWd:INST_Display_I|              ; 145 (35)          ; 0 (0)        ; 0           ; 0            ; 0       ; 0         ; 0    ; 0            ; |Datapath|Bcd_7sWd:INST_Display_I                                                                                                    ; work         ;
;       |lpm_divide:Div0|                   ; 43 (0)            ; 0 (0)        ; 0           ; 0            ; 0       ; 0         ; 0    ; 0            ; |Datapath|Bcd_7sWd:INST_Display_I|lpm_divide:Div0                                                                                    ; work         ;
;          |lpm_divide_0dm:auto_generated|  ; 43 (0)            ; 0 (0)        ; 0           ; 0            ; 0       ; 0         ; 0    ; 0            ; |Datapath|Bcd_7sWd:INST_Display_I|lpm_divide:Div0|lpm_divide_0dm:auto_generated                                                      ; work         ;
;             |sign_div_unsign_akh:divider| ; 43 (0)            ; 0 (0)        ; 0           ; 0            ; 0       ; 0         ; 0    ; 0            ; |Datapath|Bcd_7sWd:INST_Display_I|lpm_divide:Div0|lpm_divide_0dm:auto_generated|sign_div_unsign_akh:divider                          ; work         ;
;                |alt_u_div_mve:divider|    ; 43 (43)           ; 0 (0)        ; 0           ; 0            ; 0       ; 0         ; 0    ; 0            ; |Datapath|Bcd_7sWd:INST_Display_I|lpm_divide:Div0|lpm_divide_0dm:auto_generated|sign_div_unsign_akh:divider|alt_u_div_mve:divider    ; work         ;
;       |lpm_divide:Mod0|                   ; 55 (0)            ; 0 (0)        ; 0           ; 0            ; 0       ; 0         ; 0    ; 0            ; |Datapath|Bcd_7sWd:INST_Display_I|lpm_divide:Mod0                                                                                    ; work         ;
;          |lpm_divide_65m:auto_generated|  ; 55 (0)            ; 0 (0)        ; 0           ; 0            ; 0       ; 0         ; 0    ; 0            ; |Datapath|Bcd_7sWd:INST_Display_I|lpm_divide:Mod0|lpm_divide_65m:auto_generated                                                      ; work         ;
;             |sign_div_unsign_dkh:divider| ; 55 (0)            ; 0 (0)        ; 0           ; 0            ; 0       ; 0         ; 0    ; 0            ; |Datapath|Bcd_7sWd:INST_Display_I|lpm_divide:Mod0|lpm_divide_65m:auto_generated|sign_div_unsign_dkh:divider                          ; work         ;
;                |alt_u_div_sve:divider|    ; 55 (55)           ; 0 (0)        ; 0           ; 0            ; 0       ; 0         ; 0    ; 0            ; |Datapath|Bcd_7sWd:INST_Display_I|lpm_divide:Mod0|lpm_divide_65m:auto_generated|sign_div_unsign_dkh:divider|alt_u_div_sve:divider    ; work         ;
;       |lpm_divide:Mod1|                   ; 12 (0)            ; 0 (0)        ; 0           ; 0            ; 0       ; 0         ; 0    ; 0            ; |Datapath|Bcd_7sWd:INST_Display_I|lpm_divide:Mod1                                                                                    ; work         ;
;          |lpm_divide_65m:auto_generated|  ; 12 (0)            ; 0 (0)        ; 0           ; 0            ; 0       ; 0         ; 0    ; 0            ; |Datapath|Bcd_7sWd:INST_Display_I|lpm_divide:Mod1|lpm_divide_65m:auto_generated                                                      ; work         ;
;             |sign_div_unsign_dkh:divider| ; 12 (0)            ; 0 (0)        ; 0           ; 0            ; 0       ; 0         ; 0    ; 0            ; |Datapath|Bcd_7sWd:INST_Display_I|lpm_divide:Mod1|lpm_divide_65m:auto_generated|sign_div_unsign_dkh:divider                          ; work         ;
;                |alt_u_div_sve:divider|    ; 12 (12)           ; 0 (0)        ; 0           ; 0            ; 0       ; 0         ; 0    ; 0            ; |Datapath|Bcd_7sWd:INST_Display_I|lpm_divide:Mod1|lpm_divide_65m:auto_generated|sign_div_unsign_dkh:divider|alt_u_div_sve:divider    ; work         ;
;    |Bcd_7sWd:INST_Display_Peso|           ; 319 (54)          ; 0 (0)        ; 0           ; 0            ; 0       ; 0         ; 0    ; 0            ; |Datapath|Bcd_7sWd:INST_Display_Peso                                                                                                 ; work         ;
;       |lpm_divide:Div0|                   ; 69 (0)            ; 0 (0)        ; 0           ; 0            ; 0       ; 0         ; 0    ; 0            ; |Datapath|Bcd_7sWd:INST_Display_Peso|lpm_divide:Div0                                                                                 ; work         ;
;          |lpm_divide_2dm:auto_generated|  ; 69 (0)            ; 0 (0)        ; 0           ; 0            ; 0       ; 0         ; 0    ; 0            ; |Datapath|Bcd_7sWd:INST_Display_Peso|lpm_divide:Div0|lpm_divide_2dm:auto_generated                                                   ; work         ;
;             |sign_div_unsign_ckh:divider| ; 69 (0)            ; 0 (0)        ; 0           ; 0            ; 0       ; 0         ; 0    ; 0            ; |Datapath|Bcd_7sWd:INST_Display_Peso|lpm_divide:Div0|lpm_divide_2dm:auto_generated|sign_div_unsign_ckh:divider                       ; work         ;
;                |alt_u_div_qve:divider|    ; 69 (69)           ; 0 (0)        ; 0           ; 0            ; 0       ; 0         ; 0    ; 0            ; |Datapath|Bcd_7sWd:INST_Display_Peso|lpm_divide:Div0|lpm_divide_2dm:auto_generated|sign_div_unsign_ckh:divider|alt_u_div_qve:divider ; work         ;
;       |lpm_divide:Div1|                   ; 33 (0)            ; 0 (0)        ; 0           ; 0            ; 0       ; 0         ; 0    ; 0            ; |Datapath|Bcd_7sWd:INST_Display_Peso|lpm_divide:Div1                                                                                 ; work         ;
;          |lpm_divide_2dm:auto_generated|  ; 33 (0)            ; 0 (0)        ; 0           ; 0            ; 0       ; 0         ; 0    ; 0            ; |Datapath|Bcd_7sWd:INST_Display_Peso|lpm_divide:Div1|lpm_divide_2dm:auto_generated                                                   ; work         ;
;             |sign_div_unsign_ckh:divider| ; 33 (0)            ; 0 (0)        ; 0           ; 0            ; 0       ; 0         ; 0    ; 0            ; |Datapath|Bcd_7sWd:INST_Display_Peso|lpm_divide:Div1|lpm_divide_2dm:auto_generated|sign_div_unsign_ckh:divider                       ; work         ;
;                |alt_u_div_qve:divider|    ; 33 (33)           ; 0 (0)        ; 0           ; 0            ; 0       ; 0         ; 0    ; 0            ; |Datapath|Bcd_7sWd:INST_Display_Peso|lpm_divide:Div1|lpm_divide_2dm:auto_generated|sign_div_unsign_ckh:divider|alt_u_div_qve:divider ; work         ;
;       |lpm_divide:Mod0|                   ; 103 (0)           ; 0 (0)        ; 0           ; 0            ; 0       ; 0         ; 0    ; 0            ; |Datapath|Bcd_7sWd:INST_Display_Peso|lpm_divide:Mod0                                                                                 ; work         ;
;          |lpm_divide_a5m:auto_generated|  ; 103 (0)           ; 0 (0)        ; 0           ; 0            ; 0       ; 0         ; 0    ; 0            ; |Datapath|Bcd_7sWd:INST_Display_Peso|lpm_divide:Mod0|lpm_divide_a5m:auto_generated                                                   ; work         ;
;             |sign_div_unsign_hkh:divider| ; 103 (0)           ; 0 (0)        ; 0           ; 0            ; 0       ; 0         ; 0    ; 0            ; |Datapath|Bcd_7sWd:INST_Display_Peso|lpm_divide:Mod0|lpm_divide_a5m:auto_generated|sign_div_unsign_hkh:divider                       ; work         ;
;                |alt_u_div_40f:divider|    ; 103 (103)         ; 0 (0)        ; 0           ; 0            ; 0       ; 0         ; 0    ; 0            ; |Datapath|Bcd_7sWd:INST_Display_Peso|lpm_divide:Mod0|lpm_divide_a5m:auto_generated|sign_div_unsign_hkh:divider|alt_u_div_40f:divider ; work         ;
;       |lpm_divide:Mod1|                   ; 60 (0)            ; 0 (0)        ; 0           ; 0            ; 0       ; 0         ; 0    ; 0            ; |Datapath|Bcd_7sWd:INST_Display_Peso|lpm_divide:Mod1                                                                                 ; work         ;
;          |lpm_divide_a5m:auto_generated|  ; 60 (0)            ; 0 (0)        ; 0           ; 0            ; 0       ; 0         ; 0    ; 0            ; |Datapath|Bcd_7sWd:INST_Display_Peso|lpm_divide:Mod1|lpm_divide_a5m:auto_generated                                                   ; work         ;
;             |sign_div_unsign_hkh:divider| ; 60 (0)            ; 0 (0)        ; 0           ; 0            ; 0       ; 0         ; 0    ; 0            ; |Datapath|Bcd_7sWd:INST_Display_Peso|lpm_divide:Mod1|lpm_divide_a5m:auto_generated|sign_div_unsign_hkh:divider                       ; work         ;
;                |alt_u_div_40f:divider|    ; 60 (60)           ; 0 (0)        ; 0           ; 0            ; 0       ; 0         ; 0    ; 0            ; |Datapath|Bcd_7sWd:INST_Display_Peso|lpm_divide:Mod1|lpm_divide_a5m:auto_generated|sign_div_unsign_hkh:divider|alt_u_div_40f:divider ; work         ;
;    |Comparador:INST_Comp_Andar|           ; 16 (16)           ; 0 (0)        ; 0           ; 0            ; 0       ; 0         ; 0    ; 0            ; |Datapath|Comparador:INST_Comp_Andar                                                                                                 ; work         ;
;    |Comparador:INST_Comp_Peso|            ; 3 (3)             ; 0 (0)        ; 0           ; 0            ; 0       ; 0         ; 0    ; 0            ; |Datapath|Comparador:INST_Comp_Peso                                                                                                  ; work         ;
;    |Emergencia:INST_Emergencia|           ; 1 (1)             ; 0 (0)        ; 0           ; 0            ; 0       ; 0         ; 0    ; 0            ; |Datapath|Emergencia:INST_Emergencia                                                                                                 ; work         ;
;    |Fileira:INST_Fila_Andar|              ; 3714 (377)        ; 166 (166)    ; 0           ; 0            ; 0       ; 0         ; 0    ; 0            ; |Datapath|Fileira:INST_Fila_Andar                                                                                                    ; work         ;
;       |lpm_divide:Mod0|                   ; 1667 (0)          ; 0 (0)        ; 0           ; 0            ; 0       ; 0         ; 0    ; 0            ; |Datapath|Fileira:INST_Fila_Andar|lpm_divide:Mod0                                                                                    ; work         ;
;          |lpm_divide_qlo:auto_generated|  ; 1667 (0)          ; 0 (0)        ; 0           ; 0            ; 0       ; 0         ; 0    ; 0            ; |Datapath|Fileira:INST_Fila_Andar|lpm_divide:Mod0|lpm_divide_qlo:auto_generated                                                      ; work         ;
;             |abs_divider_4dg:divider|     ; 1667 (63)         ; 0 (0)        ; 0           ; 0            ; 0       ; 0         ; 0    ; 0            ; |Datapath|Fileira:INST_Fila_Andar|lpm_divide:Mod0|lpm_divide_qlo:auto_generated|abs_divider_4dg:divider                              ; work         ;
;                |alt_u_div_k5f:divider|    ; 1566 (1566)       ; 0 (0)        ; 0           ; 0            ; 0       ; 0         ; 0    ; 0            ; |Datapath|Fileira:INST_Fila_Andar|lpm_divide:Mod0|lpm_divide_qlo:auto_generated|abs_divider_4dg:divider|alt_u_div_k5f:divider        ; work         ;
;                |lpm_abs_0s9:my_abs_num|   ; 38 (38)           ; 0 (0)        ; 0           ; 0            ; 0       ; 0         ; 0    ; 0            ; |Datapath|Fileira:INST_Fila_Andar|lpm_divide:Mod0|lpm_divide_qlo:auto_generated|abs_divider_4dg:divider|lpm_abs_0s9:my_abs_num       ; work         ;
;       |lpm_divide:Mod1|                   ; 1670 (0)          ; 0 (0)        ; 0           ; 0            ; 0       ; 0         ; 0    ; 0            ; |Datapath|Fileira:INST_Fila_Andar|lpm_divide:Mod1                                                                                    ; work         ;
;          |lpm_divide_qlo:auto_generated|  ; 1670 (0)          ; 0 (0)        ; 0           ; 0            ; 0       ; 0         ; 0    ; 0            ; |Datapath|Fileira:INST_Fila_Andar|lpm_divide:Mod1|lpm_divide_qlo:auto_generated                                                      ; work         ;
;             |abs_divider_4dg:divider|     ; 1670 (63)         ; 0 (0)        ; 0           ; 0            ; 0       ; 0         ; 0    ; 0            ; |Datapath|Fileira:INST_Fila_Andar|lpm_divide:Mod1|lpm_divide_qlo:auto_generated|abs_divider_4dg:divider                              ; work         ;
;                |alt_u_div_k5f:divider|    ; 1566 (1566)       ; 0 (0)        ; 0           ; 0            ; 0       ; 0         ; 0    ; 0            ; |Datapath|Fileira:INST_Fila_Andar|lpm_divide:Mod1|lpm_divide_qlo:auto_generated|abs_divider_4dg:divider|alt_u_div_k5f:divider        ; work         ;
;                |lpm_abs_0s9:my_abs_num|   ; 41 (41)           ; 0 (0)        ; 0           ; 0            ; 0       ; 0         ; 0    ; 0            ; |Datapath|Fileira:INST_Fila_Andar|lpm_divide:Mod1|lpm_divide_qlo:auto_generated|abs_divider_4dg:divider|lpm_abs_0s9:my_abs_num       ; work         ;
;    |Registrador:INST_Reg_A_Atual|         ; 0 (0)             ; 7 (7)        ; 0           ; 0            ; 0       ; 0         ; 0    ; 0            ; |Datapath|Registrador:INST_Reg_A_Atual                                                                                               ; work         ;
;    |Registrador:INST_Reg_Peso|            ; 0 (0)             ; 9 (9)        ; 0           ; 0            ; 0       ; 0         ; 0    ; 0            ; |Datapath|Registrador:INST_Reg_Peso                                                                                                  ; work         ;
;    |Temporizador:INST_Temporizador|       ; 5 (5)             ; 4 (4)        ; 0           ; 0            ; 0       ; 0         ; 0    ; 0            ; |Datapath|Temporizador:INST_Temporizador                                                                                             ; work         ;
+-------------------------------------------+-------------------+--------------+-------------+--------------+---------+-----------+------+--------------+--------------------------------------------------------------------------------------------------------------------------------------+--------------+
Note: For table entries with two numbers listed, the numbers in parentheses indicate the number of resources of the given type used by the specific entity alone. The numbers listed outside of parentheses indicate the total resources of the given type used by the specific entity and all of its sub-entities in the hierarchy.


+---------------------------------------------------------------------------------------------------+
; User-Specified and Inferred Latches                                                               ;
+----------------------------------------------------+---------------------+------------------------+
; Latch Name                                         ; Latch Enable Signal ; Free of Timing Hazards ;
+----------------------------------------------------+---------------------+------------------------+
; Emergencia:INST_Emergencia|ESTADO                  ; GND                 ; yes                    ;
; Number of user-specified and inferred latches = 1  ;                     ;                        ;
+----------------------------------------------------+---------------------+------------------------+
Note: All latches listed above may not be present at the end of synthesis due to various synthesis optimizations.


+------------------------------------------------------+
; General Register Statistics                          ;
+----------------------------------------------+-------+
; Statistic                                    ; Value ;
+----------------------------------------------+-------+
; Total registers                              ; 186   ;
; Number of registers using Synchronous Clear  ; 0     ;
; Number of registers using Synchronous Load   ; 0     ;
; Number of registers using Asynchronous Clear ; 186   ;
; Number of registers using Asynchronous Load  ; 0     ;
; Number of registers using Clock Enable       ; 171   ;
; Number of registers using Preset             ; 0     ;
+----------------------------------------------+-------+


+--------------------------------------------------------------------------------------------------------------------------------------------------------------------+
; Multiplexer Restructuring Statistics (Restructuring Performed)                                                                                                     ;
+--------------------+-----------+---------------+----------------------+------------------------+------------+------------------------------------------------------+
; Multiplexer Inputs ; Bus Width ; Baseline Area ; Area if Restructured ; Saving if Restructured ; Registered ; Example Multiplexer Output                           ;
+--------------------+-----------+---------------+----------------------+------------------------+------------+------------------------------------------------------+
; 3:1                ; 3 bits    ; 6 LEs         ; 3 LEs                ; 3 LEs                  ; Yes        ; |Datapath|Temporizador:INST_Temporizador|Contador[0] ;
; 4:1                ; 32 bits   ; 64 LEs        ; 32 LEs               ; 32 LEs                 ; Yes        ; |Datapath|Fileira:INST_Fila_Andar|count[14]          ;
; 3:1                ; 7 bits    ; 14 LEs        ; 14 LEs               ; 0 LEs                  ; No         ; |Datapath|Bcd_7sWd:INST_Display_Peso|BCD_Saida[18]   ;
; 3:1                ; 7 bits    ; 14 LEs        ; 14 LEs               ; 0 LEs                  ; No         ; |Datapath|Bcd_7sWd:INST_Display_I|BCD_Saida[13]      ;
; 3:1                ; 7 bits    ; 14 LEs        ; 14 LEs               ; 0 LEs                  ; No         ; |Datapath|Bcd_7sWd:INST_Display_Peso|BCD_Saida[0]    ;
; 10:1               ; 7 bits    ; 42 LEs        ; 42 LEs               ; 0 LEs                  ; No         ; |Datapath|Fileira:INST_Fila_Andar|Mux3               ;
+--------------------+-----------+---------------+----------------------+------------------------+------------+------------------------------------------------------+


+-----------------------------------------------------------------------------+
; Parameter Settings for User Entity Instance: Temporizador:INST_Temporizador ;
+----------------+-------+----------------------------------------------------+
; Parameter Name ; Value ; Type                                               ;
+----------------+-------+----------------------------------------------------+
; frequencia     ; 14    ; Signed Integer                                     ;
; tempo          ; 1     ; Signed Integer                                     ;
+----------------+-------+----------------------------------------------------+
Note: In order to hide this table in the UI and the text report file, please set the "Show Parameter Settings in Synthesis Report" option in "Analysis and Synthesis Settings -> More Settings" to "Off".


+-------------------------------------------------------------------------+
; Parameter Settings for User Entity Instance: SingleROM:INST_ROM_RefPeso ;
+----------------+-------+------------------------------------------------+
; Parameter Name ; Value ; Type                                           ;
+----------------+-------+------------------------------------------------+
; w              ; 9     ; Signed Integer                                 ;
; value          ; 300   ; Signed Integer                                 ;
+----------------+-------+------------------------------------------------+
Note: In order to hide this table in the UI and the text report file, please set the "Show Parameter Settings in Synthesis Report" option in "Analysis and Synthesis Settings -> More Settings" to "Off".


+---------------------------------------------------------------------------+
; Parameter Settings for User Entity Instance: Registrador:INST_Reg_A_Atual ;
+----------------+-------+--------------------------------------------------+
; Parameter Name ; Value ; Type                                             ;
+----------------+-------+--------------------------------------------------+
; w              ; 7     ; Signed Integer                                   ;
+----------------+-------+--------------------------------------------------+
Note: In order to hide this table in the UI and the text report file, please set the "Show Parameter Settings in Synthesis Report" option in "Analysis and Synthesis Settings -> More Settings" to "Off".


+------------------------------------------------------------------------+
; Parameter Settings for User Entity Instance: Registrador:INST_Reg_Peso ;
+----------------+-------+-----------------------------------------------+
; Parameter Name ; Value ; Type                                          ;
+----------------+-------+-----------------------------------------------+
; w              ; 9     ; Signed Integer                                ;
+----------------+-------+-----------------------------------------------+
Note: In order to hide this table in the UI and the text report file, please set the "Show Parameter Settings in Synthesis Report" option in "Analysis and Synthesis Settings -> More Settings" to "Off".


+----------------------------------------------------------------------+
; Parameter Settings for User Entity Instance: Fileira:INST_Fila_Andar ;
+----------------+-------+---------------------------------------------+
; Parameter Name ; Value ; Type                                        ;
+----------------+-------+---------------------------------------------+
; w              ; 7     ; Signed Integer                              ;
; andares        ; 10    ; Signed Integer                              ;
+----------------+-------+---------------------------------------------+
Note: In order to hide this table in the UI and the text report file, please set the "Show Parameter Settings in Synthesis Report" option in "Analysis and Synthesis Settings -> More Settings" to "Off".


+-------------------------------------------------------------------------+
; Parameter Settings for User Entity Instance: Comparador:INST_Comp_Andar ;
+----------------+-------+------------------------------------------------+
; Parameter Name ; Value ; Type                                           ;
+----------------+-------+------------------------------------------------+
; w              ; 7     ; Signed Integer                                 ;
+----------------+-------+------------------------------------------------+
Note: In order to hide this table in the UI and the text report file, please set the "Show Parameter Settings in Synthesis Report" option in "Analysis and Synthesis Settings -> More Settings" to "Off".


+------------------------------------------------------------------------+
; Parameter Settings for User Entity Instance: Comparador:INST_Comp_Peso ;
+----------------+-------+-----------------------------------------------+
; Parameter Name ; Value ; Type                                          ;
+----------------+-------+-----------------------------------------------+
; w              ; 9     ; Signed Integer                                ;
+----------------+-------+-----------------------------------------------+
Note: In order to hide this table in the UI and the text report file, please set the "Show Parameter Settings in Synthesis Report" option in "Analysis and Synthesis Settings -> More Settings" to "Off".


+-------------------------------------------------------------------------+
; Parameter Settings for User Entity Instance: Bcd_7sWd:INST_Display_Peso ;
+----------------+-------+------------------------------------------------+
; Parameter Name ; Value ; Type                                           ;
+----------------+-------+------------------------------------------------+
; w              ; 9     ; Signed Integer                                 ;
; digitos        ; 3     ; Signed Integer                                 ;
+----------------+-------+------------------------------------------------+
Note: In order to hide this table in the UI and the text report file, please set the "Show Parameter Settings in Synthesis Report" option in "Analysis and Synthesis Settings -> More Settings" to "Off".


+----------------------------------------------------------------------+
; Parameter Settings for User Entity Instance: Bcd_7sWd:INST_Display_I ;
+----------------+-------+---------------------------------------------+
; Parameter Name ; Value ; Type                                        ;
+----------------+-------+---------------------------------------------+
; w              ; 7     ; Signed Integer                              ;
; digitos        ; 2     ; Signed Integer                              ;
+----------------+-------+---------------------------------------------+
Note: In order to hide this table in the UI and the text report file, please set the "Show Parameter Settings in Synthesis Report" option in "Analysis and Synthesis Settings -> More Settings" to "Off".


+----------------------------------------------------------------------+
; Parameter Settings for User Entity Instance: Bcd_7sWd:INST_Display_E ;
+----------------+-------+---------------------------------------------+
; Parameter Name ; Value ; Type                                        ;
+----------------+-------+---------------------------------------------+
; w              ; 7     ; Signed Integer                              ;
; digitos        ; 2     ; Signed Integer                              ;
+----------------+-------+---------------------------------------------+
Note: In order to hide this table in the UI and the text report file, please set the "Show Parameter Settings in Synthesis Report" option in "Analysis and Synthesis Settings -> More Settings" to "Off".


+---------------------------------------------------------------------------------------------+
; Parameter Settings for Inferred Entity Instance: Bcd_7sWd:INST_Display_Peso|lpm_divide:Mod0 ;
+------------------------+----------------+---------------------------------------------------+
; Parameter Name         ; Value          ; Type                                              ;
+------------------------+----------------+---------------------------------------------------+
; LPM_WIDTHN             ; 9              ; Untyped                                           ;
; LPM_WIDTHD             ; 9              ; Untyped                                           ;
; LPM_NREPRESENTATION    ; UNSIGNED       ; Untyped                                           ;
; LPM_DREPRESENTATION    ; UNSIGNED       ; Untyped                                           ;
; LPM_PIPELINE           ; 0              ; Untyped                                           ;
; LPM_REMAINDERPOSITIVE  ; TRUE           ; Untyped                                           ;
; MAXIMIZE_SPEED         ; 5              ; Untyped                                           ;
; CBXI_PARAMETER         ; lpm_divide_a5m ; Untyped                                           ;
; CARRY_CHAIN            ; MANUAL         ; Untyped                                           ;
; OPTIMIZE_FOR_SPEED     ; 5              ; Untyped                                           ;
; AUTO_CARRY_CHAINS      ; ON             ; AUTO_CARRY                                        ;
; IGNORE_CARRY_BUFFERS   ; OFF            ; IGNORE_CARRY                                      ;
; AUTO_CASCADE_CHAINS    ; ON             ; AUTO_CASCADE                                      ;
; IGNORE_CASCADE_BUFFERS ; OFF            ; IGNORE_CASCADE                                    ;
+------------------------+----------------+---------------------------------------------------+
Note: In order to hide this table in the UI and the text report file, please set the "Show Parameter Settings in Synthesis Report" option in "Analysis and Synthesis Settings -> More Settings" to "Off".


+---------------------------------------------------------------------------------------------+
; Parameter Settings for Inferred Entity Instance: Bcd_7sWd:INST_Display_Peso|lpm_divide:Div0 ;
+------------------------+----------------+---------------------------------------------------+
; Parameter Name         ; Value          ; Type                                              ;
+------------------------+----------------+---------------------------------------------------+
; LPM_WIDTHN             ; 9              ; Untyped                                           ;
; LPM_WIDTHD             ; 4              ; Untyped                                           ;
; LPM_NREPRESENTATION    ; UNSIGNED       ; Untyped                                           ;
; LPM_DREPRESENTATION    ; UNSIGNED       ; Untyped                                           ;
; LPM_PIPELINE           ; 0              ; Untyped                                           ;
; LPM_REMAINDERPOSITIVE  ; TRUE           ; Untyped                                           ;
; MAXIMIZE_SPEED         ; 5              ; Untyped                                           ;
; CBXI_PARAMETER         ; lpm_divide_2dm ; Untyped                                           ;
; CARRY_CHAIN            ; MANUAL         ; Untyped                                           ;
; OPTIMIZE_FOR_SPEED     ; 5              ; Untyped                                           ;
; AUTO_CARRY_CHAINS      ; ON             ; AUTO_CARRY                                        ;
; IGNORE_CARRY_BUFFERS   ; OFF            ; IGNORE_CARRY                                      ;
; AUTO_CASCADE_CHAINS    ; ON             ; AUTO_CASCADE                                      ;
; IGNORE_CASCADE_BUFFERS ; OFF            ; IGNORE_CASCADE                                    ;
+------------------------+----------------+---------------------------------------------------+
Note: In order to hide this table in the UI and the text report file, please set the "Show Parameter Settings in Synthesis Report" option in "Analysis and Synthesis Settings -> More Settings" to "Off".


+---------------------------------------------------------------------------------------------+
; Parameter Settings for Inferred Entity Instance: Bcd_7sWd:INST_Display_Peso|lpm_divide:Mod1 ;
+------------------------+----------------+---------------------------------------------------+
; Parameter Name         ; Value          ; Type                                              ;
+------------------------+----------------+---------------------------------------------------+
; LPM_WIDTHN             ; 9              ; Untyped                                           ;
; LPM_WIDTHD             ; 9              ; Untyped                                           ;
; LPM_NREPRESENTATION    ; UNSIGNED       ; Untyped                                           ;
; LPM_DREPRESENTATION    ; UNSIGNED       ; Untyped                                           ;
; LPM_PIPELINE           ; 0              ; Untyped                                           ;
; LPM_REMAINDERPOSITIVE  ; TRUE           ; Untyped                                           ;
; MAXIMIZE_SPEED         ; 5              ; Untyped                                           ;
; CBXI_PARAMETER         ; lpm_divide_a5m ; Untyped                                           ;
; CARRY_CHAIN            ; MANUAL         ; Untyped                                           ;
; OPTIMIZE_FOR_SPEED     ; 5              ; Untyped                                           ;
; AUTO_CARRY_CHAINS      ; ON             ; AUTO_CARRY                                        ;
; IGNORE_CARRY_BUFFERS   ; OFF            ; IGNORE_CARRY                                      ;
; AUTO_CASCADE_CHAINS    ; ON             ; AUTO_CASCADE                                      ;
; IGNORE_CASCADE_BUFFERS ; OFF            ; IGNORE_CASCADE                                    ;
+------------------------+----------------+---------------------------------------------------+
Note: In order to hide this table in the UI and the text report file, please set the "Show Parameter Settings in Synthesis Report" option in "Analysis and Synthesis Settings -> More Settings" to "Off".


+---------------------------------------------------------------------------------------------+
; Parameter Settings for Inferred Entity Instance: Bcd_7sWd:INST_Display_Peso|lpm_divide:Div1 ;
+------------------------+----------------+---------------------------------------------------+
; Parameter Name         ; Value          ; Type                                              ;
+------------------------+----------------+---------------------------------------------------+
; LPM_WIDTHN             ; 9              ; Untyped                                           ;
; LPM_WIDTHD             ; 4              ; Untyped                                           ;
; LPM_NREPRESENTATION    ; UNSIGNED       ; Untyped                                           ;
; LPM_DREPRESENTATION    ; UNSIGNED       ; Untyped                                           ;
; LPM_PIPELINE           ; 0              ; Untyped                                           ;
; LPM_REMAINDERPOSITIVE  ; TRUE           ; Untyped                                           ;
; MAXIMIZE_SPEED         ; 5              ; Untyped                                           ;
; CBXI_PARAMETER         ; lpm_divide_2dm ; Untyped                                           ;
; CARRY_CHAIN            ; MANUAL         ; Untyped                                           ;
; OPTIMIZE_FOR_SPEED     ; 5              ; Untyped                                           ;
; AUTO_CARRY_CHAINS      ; ON             ; AUTO_CARRY                                        ;
; IGNORE_CARRY_BUFFERS   ; OFF            ; IGNORE_CARRY                                      ;
; AUTO_CASCADE_CHAINS    ; ON             ; AUTO_CASCADE                                      ;
; IGNORE_CASCADE_BUFFERS ; OFF            ; IGNORE_CASCADE                                    ;
+------------------------+----------------+---------------------------------------------------+
Note: In order to hide this table in the UI and the text report file, please set the "Show Parameter Settings in Synthesis Report" option in "Analysis and Synthesis Settings -> More Settings" to "Off".


+---------------------------------------------------------------------------------------------+
; Parameter Settings for Inferred Entity Instance: Bcd_7sWd:INST_Display_Peso|lpm_divide:Mod2 ;
+------------------------+----------------+---------------------------------------------------+
; Parameter Name         ; Value          ; Type                                              ;
+------------------------+----------------+---------------------------------------------------+
; LPM_WIDTHN             ; 9              ; Untyped                                           ;
; LPM_WIDTHD             ; 9              ; Untyped                                           ;
; LPM_NREPRESENTATION    ; UNSIGNED       ; Untyped                                           ;
; LPM_DREPRESENTATION    ; UNSIGNED       ; Untyped                                           ;
; LPM_PIPELINE           ; 0              ; Untyped                                           ;
; LPM_REMAINDERPOSITIVE  ; TRUE           ; Untyped                                           ;
; MAXIMIZE_SPEED         ; 5              ; Untyped                                           ;
; CBXI_PARAMETER         ; lpm_divide_a5m ; Untyped                                           ;
; CARRY_CHAIN            ; MANUAL         ; Untyped                                           ;
; OPTIMIZE_FOR_SPEED     ; 5              ; Untyped                                           ;
; AUTO_CARRY_CHAINS      ; ON             ; AUTO_CARRY                                        ;
; IGNORE_CARRY_BUFFERS   ; OFF            ; IGNORE_CARRY                                      ;
; AUTO_CASCADE_CHAINS    ; ON             ; AUTO_CASCADE                                      ;
; IGNORE_CASCADE_BUFFERS ; OFF            ; IGNORE_CASCADE                                    ;
+------------------------+----------------+---------------------------------------------------+
Note: In order to hide this table in the UI and the text report file, please set the "Show Parameter Settings in Synthesis Report" option in "Analysis and Synthesis Settings -> More Settings" to "Off".


+------------------------------------------------------------------------------------------+
; Parameter Settings for Inferred Entity Instance: Bcd_7sWd:INST_Display_I|lpm_divide:Mod0 ;
+------------------------+----------------+------------------------------------------------+
; Parameter Name         ; Value          ; Type                                           ;
+------------------------+----------------+------------------------------------------------+
; LPM_WIDTHN             ; 7              ; Untyped                                        ;
; LPM_WIDTHD             ; 7              ; Untyped                                        ;
; LPM_NREPRESENTATION    ; UNSIGNED       ; Untyped                                        ;
; LPM_DREPRESENTATION    ; UNSIGNED       ; Untyped                                        ;
; LPM_PIPELINE           ; 0              ; Untyped                                        ;
; LPM_REMAINDERPOSITIVE  ; TRUE           ; Untyped                                        ;
; MAXIMIZE_SPEED         ; 5              ; Untyped                                        ;
; CBXI_PARAMETER         ; lpm_divide_65m ; Untyped                                        ;
; CARRY_CHAIN            ; MANUAL         ; Untyped                                        ;
; OPTIMIZE_FOR_SPEED     ; 5              ; Untyped                                        ;
; AUTO_CARRY_CHAINS      ; ON             ; AUTO_CARRY                                     ;
; IGNORE_CARRY_BUFFERS   ; OFF            ; IGNORE_CARRY                                   ;
; AUTO_CASCADE_CHAINS    ; ON             ; AUTO_CASCADE                                   ;
; IGNORE_CASCADE_BUFFERS ; OFF            ; IGNORE_CASCADE                                 ;
+------------------------+----------------+------------------------------------------------+
Note: In order to hide this table in the UI and the text report file, please set the "Show Parameter Settings in Synthesis Report" option in "Analysis and Synthesis Settings -> More Settings" to "Off".


+------------------------------------------------------------------------------------------+
; Parameter Settings for Inferred Entity Instance: Bcd_7sWd:INST_Display_I|lpm_divide:Div0 ;
+------------------------+----------------+------------------------------------------------+
; Parameter Name         ; Value          ; Type                                           ;
+------------------------+----------------+------------------------------------------------+
; LPM_WIDTHN             ; 7              ; Untyped                                        ;
; LPM_WIDTHD             ; 4              ; Untyped                                        ;
; LPM_NREPRESENTATION    ; UNSIGNED       ; Untyped                                        ;
; LPM_DREPRESENTATION    ; UNSIGNED       ; Untyped                                        ;
; LPM_PIPELINE           ; 0              ; Untyped                                        ;
; LPM_REMAINDERPOSITIVE  ; TRUE           ; Untyped                                        ;
; MAXIMIZE_SPEED         ; 5              ; Untyped                                        ;
; CBXI_PARAMETER         ; lpm_divide_0dm ; Untyped                                        ;
; CARRY_CHAIN            ; MANUAL         ; Untyped                                        ;
; OPTIMIZE_FOR_SPEED     ; 5              ; Untyped                                        ;
; AUTO_CARRY_CHAINS      ; ON             ; AUTO_CARRY                                     ;
; IGNORE_CARRY_BUFFERS   ; OFF            ; IGNORE_CARRY                                   ;
; AUTO_CASCADE_CHAINS    ; ON             ; AUTO_CASCADE                                   ;
; IGNORE_CASCADE_BUFFERS ; OFF            ; IGNORE_CASCADE                                 ;
+------------------------+----------------+------------------------------------------------+
Note: In order to hide this table in the UI and the text report file, please set the "Show Parameter Settings in Synthesis Report" option in "Analysis and Synthesis Settings -> More Settings" to "Off".


+------------------------------------------------------------------------------------------+
; Parameter Settings for Inferred Entity Instance: Bcd_7sWd:INST_Display_I|lpm_divide:Mod1 ;
+------------------------+----------------+------------------------------------------------+
; Parameter Name         ; Value          ; Type                                           ;
+------------------------+----------------+------------------------------------------------+
; LPM_WIDTHN             ; 7              ; Untyped                                        ;
; LPM_WIDTHD             ; 7              ; Untyped                                        ;
; LPM_NREPRESENTATION    ; UNSIGNED       ; Untyped                                        ;
; LPM_DREPRESENTATION    ; UNSIGNED       ; Untyped                                        ;
; LPM_PIPELINE           ; 0              ; Untyped                                        ;
; LPM_REMAINDERPOSITIVE  ; TRUE           ; Untyped                                        ;
; MAXIMIZE_SPEED         ; 5              ; Untyped                                        ;
; CBXI_PARAMETER         ; lpm_divide_65m ; Untyped                                        ;
; CARRY_CHAIN            ; MANUAL         ; Untyped                                        ;
; OPTIMIZE_FOR_SPEED     ; 5              ; Untyped                                        ;
; AUTO_CARRY_CHAINS      ; ON             ; AUTO_CARRY                                     ;
; IGNORE_CARRY_BUFFERS   ; OFF            ; IGNORE_CARRY                                   ;
; AUTO_CASCADE_CHAINS    ; ON             ; AUTO_CASCADE                                   ;
; IGNORE_CASCADE_BUFFERS ; OFF            ; IGNORE_CASCADE                                 ;
+------------------------+----------------+------------------------------------------------+
Note: In order to hide this table in the UI and the text report file, please set the "Show Parameter Settings in Synthesis Report" option in "Analysis and Synthesis Settings -> More Settings" to "Off".


+------------------------------------------------------------------------------------------+
; Parameter Settings for Inferred Entity Instance: Fileira:INST_Fila_Andar|lpm_divide:Mod1 ;
+------------------------+----------------+------------------------------------------------+
; Parameter Name         ; Value          ; Type                                           ;
+------------------------+----------------+------------------------------------------------+
; LPM_WIDTHN             ; 32             ; Untyped                                        ;
; LPM_WIDTHD             ; 32             ; Untyped                                        ;
; LPM_NREPRESENTATION    ; SIGNED         ; Untyped                                        ;
; LPM_DREPRESENTATION    ; SIGNED         ; Untyped                                        ;
; LPM_PIPELINE           ; 0              ; Untyped                                        ;
; LPM_REMAINDERPOSITIVE  ; FALSE          ; Untyped                                        ;
; MAXIMIZE_SPEED         ; 5              ; Untyped                                        ;
; CBXI_PARAMETER         ; lpm_divide_qlo ; Untyped                                        ;
; CARRY_CHAIN            ; MANUAL         ; Untyped                                        ;
; OPTIMIZE_FOR_SPEED     ; 5              ; Untyped                                        ;
; AUTO_CARRY_CHAINS      ; ON             ; AUTO_CARRY                                     ;
; IGNORE_CARRY_BUFFERS   ; OFF            ; IGNORE_CARRY                                   ;
; AUTO_CASCADE_CHAINS    ; ON             ; AUTO_CASCADE                                   ;
; IGNORE_CASCADE_BUFFERS ; OFF            ; IGNORE_CASCADE                                 ;
+------------------------+----------------+------------------------------------------------+
Note: In order to hide this table in the UI and the text report file, please set the "Show Parameter Settings in Synthesis Report" option in "Analysis and Synthesis Settings -> More Settings" to "Off".


+------------------------------------------------------------------------------------------+
; Parameter Settings for Inferred Entity Instance: Fileira:INST_Fila_Andar|lpm_divide:Mod0 ;
+------------------------+----------------+------------------------------------------------+
; Parameter Name         ; Value          ; Type                                           ;
+------------------------+----------------+------------------------------------------------+
; LPM_WIDTHN             ; 32             ; Untyped                                        ;
; LPM_WIDTHD             ; 32             ; Untyped                                        ;
; LPM_NREPRESENTATION    ; SIGNED         ; Untyped                                        ;
; LPM_DREPRESENTATION    ; SIGNED         ; Untyped                                        ;
; LPM_PIPELINE           ; 0              ; Untyped                                        ;
; LPM_REMAINDERPOSITIVE  ; FALSE          ; Untyped                                        ;
; MAXIMIZE_SPEED         ; 5              ; Untyped                                        ;
; CBXI_PARAMETER         ; lpm_divide_qlo ; Untyped                                        ;
; CARRY_CHAIN            ; MANUAL         ; Untyped                                        ;
; OPTIMIZE_FOR_SPEED     ; 5              ; Untyped                                        ;
; AUTO_CARRY_CHAINS      ; ON             ; AUTO_CARRY                                     ;
; IGNORE_CARRY_BUFFERS   ; OFF            ; IGNORE_CARRY                                   ;
; AUTO_CASCADE_CHAINS    ; ON             ; AUTO_CASCADE                                   ;
; IGNORE_CASCADE_BUFFERS ; OFF            ; IGNORE_CASCADE                                 ;
+------------------------+----------------+------------------------------------------------+
Note: In order to hide this table in the UI and the text report file, please set the "Show Parameter Settings in Synthesis Report" option in "Analysis and Synthesis Settings -> More Settings" to "Off".


+----------------------------------------------------------------------------------------------------------------------+
; Port Connectivity Checks: "Comparador:INST_Comp_Peso"                                                                ;
+------------+--------+----------+-------------------------------------------------------------------------------------+
; Port       ; Type   ; Severity ; Details                                                                             ;
+------------+--------+----------+-------------------------------------------------------------------------------------+
; comp_maior ; Output ; Info     ; Connected to dangling logic. Logic that only feeds a dangling port will be removed. ;
; comp_menor ; Output ; Info     ; Connected to dangling logic. Logic that only feeds a dangling port will be removed. ;
; comp_igual ; Output ; Info     ; Connected to dangling logic. Logic that only feeds a dangling port will be removed. ;
+------------+--------+----------+-------------------------------------------------------------------------------------+


+-----------------------------------------------------------------------------------------------------------------------+
; Port Connectivity Checks: "Comparador:INST_Comp_Andar"                                                                ;
+-------------+--------+----------+-------------------------------------------------------------------------------------+
; Port        ; Type   ; Severity ; Details                                                                             ;
+-------------+--------+----------+-------------------------------------------------------------------------------------+
; comp_sigout ; Output ; Info     ; Connected to dangling logic. Logic that only feeds a dangling port will be removed. ;
+-------------+--------+----------+-------------------------------------------------------------------------------------+


+-------------------------------------------------------+
; Port Connectivity Checks: "Registrador:INST_Reg_Peso" ;
+------------+-------+----------+-----------------------+
; Port       ; Type  ; Severity ; Details               ;
+------------+-------+----------+-----------------------+
; reg_enable ; Input ; Info     ; Stuck at VCC          ;
+------------+-------+----------+-----------------------+


+-------------------------------+
; Elapsed Time Per Partition    ;
+----------------+--------------+
; Partition Name ; Elapsed Time ;
+----------------+--------------+
; Top            ; 00:00:07     ;
+----------------+--------------+


+-------------------------------+
; Analysis & Synthesis Messages ;
+-------------------------------+
Info: *******************************************************************
Info: Running Quartus II 64-Bit Analysis & Synthesis
    Info: Version 13.0.1 Build 232 06/12/2013 Service Pack 1 SJ Web Edition
    Info: Processing started: Wed Jun 26 10:29:06 2024
Info: Command: quartus_map --read_settings_files=on --write_settings_files=off Datapath -c Datapath
Warning (20028): Parallel compilation is not licensed and has been disabled
Info (12021): Found 2 design units, including 1 entities, in source file /users/administrador/documents/ufmg/5_periodo/lsd/tp_elevador/temporizador/temporizador.vhd
    Info (12022): Found design unit 1: Temporizador-arch
    Info (12023): Found entity 1: Temporizador
Info (12021): Found 2 design units, including 1 entities, in source file /users/administrador/documents/ufmg/5_periodo/lsd/tp_elevador/singlerom/singlerom.vhd
    Info (12022): Found design unit 1: SingleROM-arch
    Info (12023): Found entity 1: SingleROM
Info (12021): Found 2 design units, including 1 entities, in source file /users/administrador/documents/ufmg/5_periodo/lsd/tp_elevador/registrador/registrador.vhd
    Info (12022): Found design unit 1: Registrador-arch
    Info (12023): Found entity 1: Registrador
Info (12021): Found 2 design units, including 1 entities, in source file /users/administrador/documents/ufmg/5_periodo/lsd/tp_elevador/fileira/fileira.vhd
    Info (12022): Found design unit 1: Fileira-Behavioral
    Info (12023): Found entity 1: Fileira
Info (12021): Found 2 design units, including 1 entities, in source file /users/administrador/documents/ufmg/5_periodo/lsd/tp_elevador/emergencia/emergencia.vhd
    Info (12022): Found design unit 1: Emergencia-arch
    Info (12023): Found entity 1: Emergencia
Info (12021): Found 2 design units, including 1 entities, in source file /users/administrador/documents/ufmg/5_periodo/lsd/tp_elevador/comparador/comparador.vhd
    Info (12022): Found design unit 1: Comparador-arch
    Info (12023): Found entity 1: Comparador
Info (12021): Found 2 design units, including 1 entities, in source file /users/administrador/documents/ufmg/5_periodo/lsd/tp_elevador/bcd_7swd/bcd_7swd.vhd
    Info (12022): Found design unit 1: Bcd_7sWd-arch
    Info (12023): Found entity 1: Bcd_7sWd
Info (12021): Found 2 design units, including 1 entities, in source file datapath.vhd
    Info (12022): Found design unit 1: Datapath-arch
    Info (12023): Found entity 1: Datapath
Info (12021): Found 2 design units, including 1 entities, in source file tb_datapath.vhd
    Info (12022): Found design unit 1: tb_Datapath-behavior
    Info (12023): Found entity 1: tb_Datapath
Info (12127): Elaborating entity "Datapath" for the top level hierarchy
Info (12128): Elaborating entity "Temporizador" for hierarchy "Temporizador:INST_Temporizador"
Info (12128): Elaborating entity "SingleROM" for hierarchy "SingleROM:INST_ROM_RefPeso"
Info (12128): Elaborating entity "Registrador" for hierarchy "Registrador:INST_Reg_A_Atual"
Info (12128): Elaborating entity "Registrador" for hierarchy "Registrador:INST_Reg_Peso"
Info (12128): Elaborating entity "Fileira" for hierarchy "Fileira:INST_Fila_Andar"
Warning (10540): VHDL Signal Declaration warning at Fileira.vhd(28): used explicit default value for signal "zeros_vector" because signal was never assigned a value
Warning (10492): VHDL Process Statement warning at Fileira.vhd(70): signal "zeros_vector" is read inside the Process Statement but isn't in the Process Statement's sensitivity list
Info (12128): Elaborating entity "Emergencia" for hierarchy "Emergencia:INST_Emergencia"
Warning (10631): VHDL Process Statement warning at Emergencia.vhd(18): inferring latch(es) for signal or variable "ESTADO", which holds its previous value in one or more paths through the process
Info (10041): Inferred latch for "ESTADO" at Emergencia.vhd(18)
Info (12128): Elaborating entity "Comparador" for hierarchy "Comparador:INST_Comp_Andar"
Info (12128): Elaborating entity "Comparador" for hierarchy "Comparador:INST_Comp_Peso"
Info (12128): Elaborating entity "Bcd_7sWd" for hierarchy "Bcd_7sWd:INST_Display_Peso"
Warning (10492): VHDL Process Statement warning at BCD_7sWd.vhd(39): signal "parse_saida" is read inside the Process Statement but isn't in the Process Statement's sensitivity list
Warning (10492): VHDL Process Statement warning at BCD_7sWd.vhd(67): signal "parse_saida" is read inside the Process Statement but isn't in the Process Statement's sensitivity list
Info (12128): Elaborating entity "Bcd_7sWd" for hierarchy "Bcd_7sWd:INST_Display_I"
Warning (10492): VHDL Process Statement warning at BCD_7sWd.vhd(39): signal "parse_saida" is read inside the Process Statement but isn't in the Process Statement's sensitivity list
Warning (10492): VHDL Process Statement warning at BCD_7sWd.vhd(67): signal "parse_saida" is read inside the Process Statement but isn't in the Process Statement's sensitivity list
Info (278001): Inferred 10 megafunctions from design logic
    Info (278004): Inferred divider/modulo megafunction ("lpm_divide") from the following logic: "Bcd_7sWd:INST_Display_Peso|Mod0"
    Info (278004): Inferred divider/modulo megafunction ("lpm_divide") from the following logic: "Bcd_7sWd:INST_Display_Peso|Div0"
    Info (278004): Inferred divider/modulo megafunction ("lpm_divide") from the following logic: "Bcd_7sWd:INST_Display_Peso|Mod1"
    Info (278004): Inferred divider/modulo megafunction ("lpm_divide") from the following logic: "Bcd_7sWd:INST_Display_Peso|Div1"
    Info (278004): Inferred divider/modulo megafunction ("lpm_divide") from the following logic: "Bcd_7sWd:INST_Display_Peso|Mod2"
    Info (278004): Inferred divider/modulo megafunction ("lpm_divide") from the following logic: "Bcd_7sWd:INST_Display_I|Mod0"
    Info (278004): Inferred divider/modulo megafunction ("lpm_divide") from the following logic: "Bcd_7sWd:INST_Display_I|Div0"
    Info (278004): Inferred divider/modulo megafunction ("lpm_divide") from the following logic: "Bcd_7sWd:INST_Display_I|Mod1"
    Info (278004): Inferred divider/modulo megafunction ("lpm_divide") from the following logic: "Fileira:INST_Fila_Andar|Mod1"
    Info (278004): Inferred divider/modulo megafunction ("lpm_divide") from the following logic: "Fileira:INST_Fila_Andar|Mod0"
Info (12130): Elaborated megafunction instantiation "Bcd_7sWd:INST_Display_Peso|lpm_divide:Mod0"
Info (12133): Instantiated megafunction "Bcd_7sWd:INST_Display_Peso|lpm_divide:Mod0" with the following parameter:
    Info (12134): Parameter "LPM_WIDTHN" = "9"
    Info (12134): Parameter "LPM_WIDTHD" = "9"
    Info (12134): Parameter "LPM_NREPRESENTATION" = "UNSIGNED"
    Info (12134): Parameter "LPM_DREPRESENTATION" = "UNSIGNED"
Info (12021): Found 1 design units, including 1 entities, in source file db/lpm_divide_a5m.tdf
    Info (12023): Found entity 1: lpm_divide_a5m
Info (12021): Found 1 design units, including 1 entities, in source file db/sign_div_unsign_hkh.tdf
    Info (12023): Found entity 1: sign_div_unsign_hkh
Info (12021): Found 1 design units, including 1 entities, in source file db/alt_u_div_40f.tdf
    Info (12023): Found entity 1: alt_u_div_40f
Info (12021): Found 1 design units, including 1 entities, in source file db/add_sub_lkc.tdf
    Info (12023): Found entity 1: add_sub_lkc
Info (12021): Found 1 design units, including 1 entities, in source file db/add_sub_mkc.tdf
    Info (12023): Found entity 1: add_sub_mkc
Info (12130): Elaborated megafunction instantiation "Bcd_7sWd:INST_Display_Peso|lpm_divide:Div0"
Info (12133): Instantiated megafunction "Bcd_7sWd:INST_Display_Peso|lpm_divide:Div0" with the following parameter:
    Info (12134): Parameter "LPM_WIDTHN" = "9"
    Info (12134): Parameter "LPM_WIDTHD" = "4"
    Info (12134): Parameter "LPM_NREPRESENTATION" = "UNSIGNED"
    Info (12134): Parameter "LPM_DREPRESENTATION" = "UNSIGNED"
Info (12021): Found 1 design units, including 1 entities, in source file db/lpm_divide_2dm.tdf
    Info (12023): Found entity 1: lpm_divide_2dm
Info (12021): Found 1 design units, including 1 entities, in source file db/sign_div_unsign_ckh.tdf
    Info (12023): Found entity 1: sign_div_unsign_ckh
Info (12021): Found 1 design units, including 1 entities, in source file db/alt_u_div_qve.tdf
    Info (12023): Found entity 1: alt_u_div_qve
Info (12130): Elaborated megafunction instantiation "Bcd_7sWd:INST_Display_I|lpm_divide:Mod0"
Info (12133): Instantiated megafunction "Bcd_7sWd:INST_Display_I|lpm_divide:Mod0" with the following parameter:
    Info (12134): Parameter "LPM_WIDTHN" = "7"
    Info (12134): Parameter "LPM_WIDTHD" = "7"
    Info (12134): Parameter "LPM_NREPRESENTATION" = "UNSIGNED"
    Info (12134): Parameter "LPM_DREPRESENTATION" = "UNSIGNED"
Info (12021): Found 1 design units, including 1 entities, in source file db/lpm_divide_65m.tdf
    Info (12023): Found entity 1: lpm_divide_65m
Info (12021): Found 1 design units, including 1 entities, in source file db/sign_div_unsign_dkh.tdf
    Info (12023): Found entity 1: sign_div_unsign_dkh
Info (12021): Found 1 design units, including 1 entities, in source file db/alt_u_div_sve.tdf
    Info (12023): Found entity 1: alt_u_div_sve
Info (12130): Elaborated megafunction instantiation "Bcd_7sWd:INST_Display_I|lpm_divide:Div0"
Info (12133): Instantiated megafunction "Bcd_7sWd:INST_Display_I|lpm_divide:Div0" with the following parameter:
    Info (12134): Parameter "LPM_WIDTHN" = "7"
    Info (12134): Parameter "LPM_WIDTHD" = "4"
    Info (12134): Parameter "LPM_NREPRESENTATION" = "UNSIGNED"
    Info (12134): Parameter "LPM_DREPRESENTATION" = "UNSIGNED"
Info (12021): Found 1 design units, including 1 entities, in source file db/lpm_divide_0dm.tdf
    Info (12023): Found entity 1: lpm_divide_0dm
Info (12021): Found 1 design units, including 1 entities, in source file db/sign_div_unsign_akh.tdf
    Info (12023): Found entity 1: sign_div_unsign_akh
Info (12021): Found 1 design units, including 1 entities, in source file db/alt_u_div_mve.tdf
    Info (12023): Found entity 1: alt_u_div_mve
Info (12130): Elaborated megafunction instantiation "Fileira:INST_Fila_Andar|lpm_divide:Mod1"
Info (12133): Instantiated megafunction "Fileira:INST_Fila_Andar|lpm_divide:Mod1" with the following parameter:
    Info (12134): Parameter "LPM_WIDTHN" = "32"
    Info (12134): Parameter "LPM_WIDTHD" = "32"
    Info (12134): Parameter "LPM_NREPRESENTATION" = "SIGNED"
    Info (12134): Parameter "LPM_DREPRESENTATION" = "SIGNED"
    Info (12134): Parameter "LPM_HINT" = "LPM_REMAINDERPOSITIVE=FALSE"
Info (12021): Found 1 design units, including 1 entities, in source file db/lpm_divide_qlo.tdf
    Info (12023): Found entity 1: lpm_divide_qlo
Info (12021): Found 1 design units, including 1 entities, in source file db/abs_divider_4dg.tdf
    Info (12023): Found entity 1: abs_divider_4dg
Info (12021): Found 1 design units, including 1 entities, in source file db/alt_u_div_k5f.tdf
    Info (12023): Found entity 1: alt_u_div_k5f
Info (12021): Found 1 design units, including 1 entities, in source file db/lpm_abs_0s9.tdf
    Info (12023): Found entity 1: lpm_abs_0s9
Info (13014): Ignored 62 buffer(s)
    Info (13016): Ignored 62 CARRY_SUM buffer(s)
Info (17016): Found the following redundant logic cells in design
    Info (17048): Logic cell "Bcd_7sWd:INST_Display_Peso|lpm_divide:Mod1|lpm_divide_a5m:auto_generated|sign_div_unsign_hkh:divider|alt_u_div_40f:divider|add_sub_8_result_int[0]~0"
    Info (17048): Logic cell "Bcd_7sWd:INST_Display_Peso|lpm_divide:Mod1|lpm_divide_a5m:auto_generated|sign_div_unsign_hkh:divider|alt_u_div_40f:divider|add_sub_6_result_int[0]~14"
    Info (17048): Logic cell "Bcd_7sWd:INST_Display_Peso|lpm_divide:Mod1|lpm_divide_a5m:auto_generated|sign_div_unsign_hkh:divider|alt_u_div_40f:divider|add_sub_7_result_int[0]~16"
    Info (17048): Logic cell "Bcd_7sWd:INST_Display_Peso|lpm_divide:Div1|lpm_divide_2dm:auto_generated|sign_div_unsign_ckh:divider|alt_u_div_qve:divider|add_sub_6_result_int[0]~10"
    Info (17048): Logic cell "Bcd_7sWd:INST_Display_Peso|lpm_divide:Div1|lpm_divide_2dm:auto_generated|sign_div_unsign_ckh:divider|alt_u_div_qve:divider|add_sub_7_result_int[0]~10"
    Info (17048): Logic cell "Bcd_7sWd:INST_Display_I|lpm_divide:Mod1|lpm_divide_65m:auto_generated|sign_div_unsign_dkh:divider|alt_u_div_sve:divider|add_sub_6_result_int[0]~0"
Info (16010): Generating hard_block partition "hard_block:auto_generated_inst"
    Info (16011): Adding 0 node(s), including 0 DDIO, 0 PLL, 0 transceiver and 0 LCELL
Info (21057): Implemented 4377 device resources after synthesis - the final resource count might be different
    Info (21058): Implemented 32 input pins
    Info (21059): Implemented 56 output pins
    Info (21061): Implemented 4289 logic cells
Info: Quartus II 64-Bit Analysis & Synthesis was successful. 0 errors, 8 warnings
    Info: Peak virtual memory: 4682 megabytes
    Info: Processing ended: Wed Jun 26 10:29:17 2024
    Info: Elapsed time: 00:00:11
    Info: Total CPU time (on all processors): 00:00:06


