TimeQuest Timing Analyzer report for BCD_7sWd
Wed Jul 03 11:11:55 2024
Quartus II 64-Bit Version 13.0.1 Build 232 06/12/2013 Service Pack 1 SJ Web Edition


---------------------
; Table of Contents ;
---------------------
  1. Legal Notice
  2. TimeQuest Timing Analyzer Summary
  3. Parallel Compilation
  4. Clocks
  5. Slow Model Fmax Summary
  6. Slow Model Setup Summary
  7. Slow Model Hold Summary
  8. Slow Model Recovery Summary
  9. Slow Model Removal Summary
 10. Slow Model Minimum Pulse Width Summary
 11. Propagation Delay
 12. Minimum Propagation Delay
 13. Fast Model Setup Summary
 14. Fast Model Hold Summary
 15. Fast Model Recovery Summary
 16. Fast Model Removal Summary
 17. Fast Model Minimum Pulse Width Summary
 18. Propagation Delay
 19. Minimum Propagation Delay
 20. Multicorner Timing Analysis Summary
 21. Progagation Delay
 22. Minimum Progagation Delay
 23. Clock Transfers
 24. Report TCCS
 25. Report RSKM
 26. Unconstrained Paths
 27. TimeQuest Timing Analyzer Messages



----------------
; Legal Notice ;
----------------
Copyright (C) 1991-2013 Altera Corporation
Your use of Altera Corporation's design tools, logic functions 
and other software and tools, and its AMPP partner logic 
functions, and any output files from any of the foregoing 
(including device programming or simulation files), and any 
associated documentation or information are expressly subject 
to the terms and conditions of the Altera Program License 
Subscription Agreement, Altera MegaCore Function License 
Agreement, or other applicable license agreement, including, 
without limitation, that your use is for the sole purpose of 
programming logic devices manufactured by Altera and sold by 
Altera or its authorized distributors.  Please refer to the 
applicable agreement for further details.



+----------------------------------------------------------------------------------------+
; TimeQuest Timing Analyzer Summary                                                      ;
+--------------------+-------------------------------------------------------------------+
; Quartus II Version ; Version 13.0.1 Build 232 06/12/2013 Service Pack 1 SJ Web Edition ;
; Revision Name      ; BCD_7sWd                                                          ;
; Device Family      ; Cyclone II                                                        ;
; Device Name        ; EP2C35F672C6                                                      ;
; Timing Models      ; Final                                                             ;
; Delay Model        ; Combined                                                          ;
; Rise/Fall Delays   ; Unavailable                                                       ;
+--------------------+-------------------------------------------------------------------+


Parallel compilation was disabled, but you have multiple processors available. Enable parallel compilation to reduce compilation time.
+-------------------------------------+
; Parallel Compilation                ;
+----------------------------+--------+
; Processors                 ; Number ;
+----------------------------+--------+
; Number detected on machine ; 12     ;
; Maximum allowed            ; 1      ;
+----------------------------+--------+


----------
; Clocks ;
----------
No clocks to report.


---------------------------
; Slow Model Fmax Summary ;
---------------------------
No paths to report.


----------------------------
; Slow Model Setup Summary ;
----------------------------
No paths to report.


---------------------------
; Slow Model Hold Summary ;
---------------------------
No paths to report.


-------------------------------
; Slow Model Recovery Summary ;
-------------------------------
No paths to report.


------------------------------
; Slow Model Removal Summary ;
------------------------------
No paths to report.


------------------------------------------
; Slow Model Minimum Pulse Width Summary ;
------------------------------------------
No paths to report.


+--------------------------------------------------------------------+
; Propagation Delay                                                  ;
+----------------+---------------+--------+--------+--------+--------+
; Input Port     ; Output Port   ; RR     ; RF     ; FR     ; FF     ;
+----------------+---------------+--------+--------+--------+--------+
; BCD_Entrada[0] ; BCD_Saida[0]  ; 9.587  ; 8.353  ; 8.353  ; 9.587  ;
; BCD_Entrada[0] ; BCD_Saida[1]  ; 9.518  ; 8.269  ; 8.269  ; 9.518  ;
; BCD_Entrada[0] ; BCD_Saida[2]  ; 9.534  ; 8.130  ; 8.130  ; 9.534  ;
; BCD_Entrada[0] ; BCD_Saida[3]  ; 9.326  ; 8.067  ; 8.067  ; 9.326  ;
; BCD_Entrada[0] ; BCD_Saida[4]  ; 9.301  ;        ;        ; 9.301  ;
; BCD_Entrada[0] ; BCD_Saida[5]  ; 9.306  ;        ;        ; 9.306  ;
; BCD_Entrada[0] ; BCD_Saida[6]  ; 8.108  ; 9.290  ; 9.290  ; 8.108  ;
; BCD_Entrada[0] ; BCD_Saida[7]  ; 9.457  ;        ;        ; 9.457  ;
; BCD_Entrada[0] ; BCD_Saida[8]  ; 9.458  ;        ;        ; 9.458  ;
; BCD_Entrada[0] ; BCD_Saida[9]  ; 9.043  ;        ;        ; 9.043  ;
; BCD_Entrada[0] ; BCD_Saida[10] ; 9.012  ;        ;        ; 9.012  ;
; BCD_Entrada[0] ; BCD_Saida[11] ; 9.079  ;        ;        ; 9.079  ;
; BCD_Entrada[0] ; BCD_Saida[12] ; 9.147  ;        ;        ; 9.147  ;
; BCD_Entrada[0] ; BCD_Saida[13] ;        ; 9.401  ; 9.401  ;        ;
; BCD_Entrada[0] ; BCD_Saida[14] ; 9.341  ;        ;        ; 9.341  ;
; BCD_Entrada[0] ; BCD_Saida[17] ; 9.377  ;        ;        ; 9.377  ;
; BCD_Entrada[0] ; BCD_Saida[18] ; 9.421  ;        ;        ; 9.421  ;
; BCD_Entrada[0] ; BCD_Saida[19] ; 9.421  ;        ;        ; 9.421  ;
; BCD_Entrada[1] ; BCD_Saida[0]  ; 11.758 ; 11.758 ; 11.758 ; 11.758 ;
; BCD_Entrada[1] ; BCD_Saida[1]  ; 11.664 ; 11.664 ; 11.664 ; 11.664 ;
; BCD_Entrada[1] ; BCD_Saida[2]  ; 11.518 ; 11.518 ; 11.518 ; 11.518 ;
; BCD_Entrada[1] ; BCD_Saida[3]  ; 11.457 ; 11.457 ; 11.457 ; 11.457 ;
; BCD_Entrada[1] ; BCD_Saida[4]  ; 11.480 ; 11.480 ; 11.480 ; 11.480 ;
; BCD_Entrada[1] ; BCD_Saida[5]  ; 11.289 ; 11.289 ; 11.289 ; 11.289 ;
; BCD_Entrada[1] ; BCD_Saida[6]  ; 11.491 ; 11.491 ; 11.491 ; 11.491 ;
; BCD_Entrada[1] ; BCD_Saida[7]  ; 9.758  ; 9.758  ; 9.758  ; 9.758  ;
; BCD_Entrada[1] ; BCD_Saida[8]  ; 9.723  ; 9.723  ; 9.723  ; 9.723  ;
; BCD_Entrada[1] ; BCD_Saida[9]  ; 8.908  ; 9.197  ; 9.197  ; 8.908  ;
; BCD_Entrada[1] ; BCD_Saida[10] ; 9.147  ; 9.147  ; 9.147  ; 9.147  ;
; BCD_Entrada[1] ; BCD_Saida[11] ; 9.208  ;        ;        ; 9.208  ;
; BCD_Entrada[1] ; BCD_Saida[12] ; 9.344  ;        ;        ; 9.344  ;
; BCD_Entrada[1] ; BCD_Saida[13] ; 9.499  ; 9.266  ; 9.266  ; 9.499  ;
; BCD_Entrada[1] ; BCD_Saida[14] ; 9.206  ;        ;        ; 9.206  ;
; BCD_Entrada[1] ; BCD_Saida[17] ; 9.242  ;        ;        ; 9.242  ;
; BCD_Entrada[1] ; BCD_Saida[18] ; 9.286  ;        ;        ; 9.286  ;
; BCD_Entrada[1] ; BCD_Saida[19] ; 9.286  ;        ;        ; 9.286  ;
; BCD_Entrada[2] ; BCD_Saida[0]  ; 15.067 ; 15.067 ; 15.067 ; 15.067 ;
; BCD_Entrada[2] ; BCD_Saida[1]  ; 14.973 ; 14.973 ; 14.973 ; 14.973 ;
; BCD_Entrada[2] ; BCD_Saida[2]  ; 14.827 ; 14.827 ; 14.827 ; 14.827 ;
; BCD_Entrada[2] ; BCD_Saida[3]  ; 14.766 ; 14.766 ; 14.766 ; 14.766 ;
; BCD_Entrada[2] ; BCD_Saida[4]  ; 14.789 ; 14.789 ; 14.789 ; 14.789 ;
; BCD_Entrada[2] ; BCD_Saida[5]  ; 14.598 ; 14.598 ; 14.598 ; 14.598 ;
; BCD_Entrada[2] ; BCD_Saida[6]  ; 14.800 ; 14.800 ; 14.800 ; 14.800 ;
; BCD_Entrada[2] ; BCD_Saida[7]  ; 13.579 ; 13.579 ; 13.579 ; 13.579 ;
; BCD_Entrada[2] ; BCD_Saida[8]  ; 13.544 ; 13.544 ; 13.544 ; 13.544 ;
; BCD_Entrada[2] ; BCD_Saida[9]  ; 13.018 ; 12.642 ; 12.642 ; 13.018 ;
; BCD_Entrada[2] ; BCD_Saida[10] ; 12.968 ; 12.968 ; 12.968 ; 12.968 ;
; BCD_Entrada[2] ; BCD_Saida[11] ; 12.660 ; 13.029 ; 13.029 ; 12.660 ;
; BCD_Entrada[2] ; BCD_Saida[12] ; 12.792 ; 13.165 ; 13.165 ; 12.792 ;
; BCD_Entrada[2] ; BCD_Saida[13] ; 12.946 ; 13.320 ; 13.320 ; 12.946 ;
; BCD_Entrada[2] ; BCD_Saida[14] ; 11.367 ;        ;        ; 11.367 ;
; BCD_Entrada[2] ; BCD_Saida[17] ; 11.403 ;        ;        ; 11.403 ;
; BCD_Entrada[2] ; BCD_Saida[18] ; 11.447 ;        ;        ; 11.447 ;
; BCD_Entrada[2] ; BCD_Saida[19] ; 11.447 ;        ;        ; 11.447 ;
; BCD_Entrada[3] ; BCD_Saida[0]  ; 16.552 ; 16.552 ; 16.552 ; 16.552 ;
; BCD_Entrada[3] ; BCD_Saida[1]  ; 16.458 ; 16.458 ; 16.458 ; 16.458 ;
; BCD_Entrada[3] ; BCD_Saida[2]  ; 16.312 ; 16.312 ; 16.312 ; 16.312 ;
; BCD_Entrada[3] ; BCD_Saida[3]  ; 16.251 ; 16.251 ; 16.251 ; 16.251 ;
; BCD_Entrada[3] ; BCD_Saida[4]  ; 16.274 ; 16.274 ; 16.274 ; 16.274 ;
; BCD_Entrada[3] ; BCD_Saida[5]  ; 16.083 ; 16.083 ; 16.083 ; 16.083 ;
; BCD_Entrada[3] ; BCD_Saida[6]  ; 16.285 ; 16.285 ; 16.285 ; 16.285 ;
; BCD_Entrada[3] ; BCD_Saida[7]  ; 15.375 ; 15.375 ; 15.375 ; 15.375 ;
; BCD_Entrada[3] ; BCD_Saida[8]  ; 15.340 ; 15.340 ; 15.340 ; 15.340 ;
; BCD_Entrada[3] ; BCD_Saida[9]  ; 14.814 ; 14.610 ; 14.610 ; 14.814 ;
; BCD_Entrada[3] ; BCD_Saida[10] ; 14.764 ; 14.764 ; 14.764 ; 14.764 ;
; BCD_Entrada[3] ; BCD_Saida[11] ; 14.621 ; 14.825 ; 14.825 ; 14.621 ;
; BCD_Entrada[3] ; BCD_Saida[12] ; 14.757 ; 14.961 ; 14.961 ; 14.757 ;
; BCD_Entrada[3] ; BCD_Saida[13] ; 14.912 ; 15.116 ; 15.116 ; 14.912 ;
; BCD_Entrada[3] ; BCD_Saida[14] ; 13.163 ; 12.959 ; 12.959 ; 13.163 ;
; BCD_Entrada[3] ; BCD_Saida[17] ; 13.199 ; 12.995 ; 12.995 ; 13.199 ;
; BCD_Entrada[3] ; BCD_Saida[18] ; 13.243 ; 13.039 ; 13.039 ; 13.243 ;
; BCD_Entrada[3] ; BCD_Saida[19] ; 13.243 ; 13.039 ; 13.039 ; 13.243 ;
; BCD_Entrada[4] ; BCD_Saida[0]  ; 17.996 ; 17.996 ; 17.996 ; 17.996 ;
; BCD_Entrada[4] ; BCD_Saida[1]  ; 17.902 ; 17.902 ; 17.902 ; 17.902 ;
; BCD_Entrada[4] ; BCD_Saida[2]  ; 17.756 ; 17.756 ; 17.756 ; 17.756 ;
; BCD_Entrada[4] ; BCD_Saida[3]  ; 17.695 ; 17.695 ; 17.695 ; 17.695 ;
; BCD_Entrada[4] ; BCD_Saida[4]  ; 17.718 ; 17.718 ; 17.718 ; 17.718 ;
; BCD_Entrada[4] ; BCD_Saida[5]  ; 17.527 ; 17.527 ; 17.527 ; 17.527 ;
; BCD_Entrada[4] ; BCD_Saida[6]  ; 17.729 ; 17.729 ; 17.729 ; 17.729 ;
; BCD_Entrada[4] ; BCD_Saida[7]  ; 16.379 ; 16.379 ; 16.379 ; 16.379 ;
; BCD_Entrada[4] ; BCD_Saida[8]  ; 16.344 ; 16.344 ; 16.344 ; 16.344 ;
; BCD_Entrada[4] ; BCD_Saida[9]  ; 15.818 ; 15.796 ; 15.796 ; 15.818 ;
; BCD_Entrada[4] ; BCD_Saida[10] ; 15.768 ; 15.768 ; 15.768 ; 15.768 ;
; BCD_Entrada[4] ; BCD_Saida[11] ; 15.807 ; 15.829 ; 15.829 ; 15.807 ;
; BCD_Entrada[4] ; BCD_Saida[12] ; 15.943 ; 15.965 ; 15.965 ; 15.943 ;
; BCD_Entrada[4] ; BCD_Saida[13] ; 16.098 ; 16.120 ; 16.120 ; 16.098 ;
; BCD_Entrada[4] ; BCD_Saida[14] ; 14.167 ; 14.145 ; 14.145 ; 14.167 ;
; BCD_Entrada[4] ; BCD_Saida[17] ; 14.203 ; 14.181 ; 14.181 ; 14.203 ;
; BCD_Entrada[4] ; BCD_Saida[18] ; 14.247 ; 14.225 ; 14.225 ; 14.247 ;
; BCD_Entrada[4] ; BCD_Saida[19] ; 14.247 ; 14.225 ; 14.225 ; 14.247 ;
; BCD_Entrada[5] ; BCD_Saida[0]  ; 18.151 ; 18.151 ; 18.151 ; 18.151 ;
; BCD_Entrada[5] ; BCD_Saida[1]  ; 18.057 ; 18.057 ; 18.057 ; 18.057 ;
; BCD_Entrada[5] ; BCD_Saida[2]  ; 17.911 ; 17.911 ; 17.911 ; 17.911 ;
; BCD_Entrada[5] ; BCD_Saida[3]  ; 17.850 ; 17.850 ; 17.850 ; 17.850 ;
; BCD_Entrada[5] ; BCD_Saida[4]  ; 17.873 ; 17.873 ; 17.873 ; 17.873 ;
; BCD_Entrada[5] ; BCD_Saida[5]  ; 17.682 ; 17.682 ; 17.682 ; 17.682 ;
; BCD_Entrada[5] ; BCD_Saida[6]  ; 17.884 ; 17.884 ; 17.884 ; 17.884 ;
; BCD_Entrada[5] ; BCD_Saida[7]  ; 16.187 ; 16.187 ; 16.187 ; 16.187 ;
; BCD_Entrada[5] ; BCD_Saida[8]  ; 16.152 ; 16.152 ; 16.152 ; 16.152 ;
; BCD_Entrada[5] ; BCD_Saida[9]  ; 15.626 ; 15.604 ; 15.604 ; 15.626 ;
; BCD_Entrada[5] ; BCD_Saida[10] ; 15.576 ; 15.576 ; 15.576 ; 15.576 ;
; BCD_Entrada[5] ; BCD_Saida[11] ; 15.615 ; 15.637 ; 15.637 ; 15.615 ;
; BCD_Entrada[5] ; BCD_Saida[12] ; 15.751 ; 15.773 ; 15.773 ; 15.751 ;
; BCD_Entrada[5] ; BCD_Saida[13] ; 15.906 ; 15.928 ; 15.928 ; 15.906 ;
; BCD_Entrada[5] ; BCD_Saida[14] ; 13.975 ; 13.953 ; 13.953 ; 13.975 ;
; BCD_Entrada[5] ; BCD_Saida[17] ; 14.011 ; 13.989 ; 13.989 ; 14.011 ;
; BCD_Entrada[5] ; BCD_Saida[18] ; 14.055 ; 14.033 ; 14.033 ; 14.055 ;
; BCD_Entrada[5] ; BCD_Saida[19] ; 14.055 ; 14.033 ; 14.033 ; 14.055 ;
; BCD_Entrada[6] ; BCD_Saida[0]  ; 17.765 ; 17.765 ; 17.765 ; 17.765 ;
; BCD_Entrada[6] ; BCD_Saida[1]  ; 17.671 ; 17.671 ; 17.671 ; 17.671 ;
; BCD_Entrada[6] ; BCD_Saida[2]  ; 17.525 ; 17.525 ; 17.525 ; 17.525 ;
; BCD_Entrada[6] ; BCD_Saida[3]  ; 17.464 ; 17.464 ; 17.464 ; 17.464 ;
; BCD_Entrada[6] ; BCD_Saida[4]  ; 17.487 ; 17.487 ; 17.487 ; 17.487 ;
; BCD_Entrada[6] ; BCD_Saida[5]  ; 17.296 ; 17.296 ; 17.296 ; 17.296 ;
; BCD_Entrada[6] ; BCD_Saida[6]  ; 17.498 ; 17.498 ; 17.498 ; 17.498 ;
; BCD_Entrada[6] ; BCD_Saida[7]  ; 16.147 ; 16.147 ; 16.147 ; 16.147 ;
; BCD_Entrada[6] ; BCD_Saida[8]  ; 16.112 ; 16.112 ; 16.112 ; 16.112 ;
; BCD_Entrada[6] ; BCD_Saida[9]  ; 15.586 ; 15.547 ; 15.547 ; 15.586 ;
; BCD_Entrada[6] ; BCD_Saida[10] ; 15.536 ; 15.536 ; 15.536 ; 15.536 ;
; BCD_Entrada[6] ; BCD_Saida[11] ; 15.558 ; 15.597 ; 15.597 ; 15.558 ;
; BCD_Entrada[6] ; BCD_Saida[12] ; 15.694 ; 15.733 ; 15.733 ; 15.694 ;
; BCD_Entrada[6] ; BCD_Saida[13] ; 15.849 ; 15.888 ; 15.888 ; 15.849 ;
; BCD_Entrada[6] ; BCD_Saida[14] ; 13.935 ; 13.896 ; 13.896 ; 13.935 ;
; BCD_Entrada[6] ; BCD_Saida[17] ; 13.971 ; 13.932 ; 13.932 ; 13.971 ;
; BCD_Entrada[6] ; BCD_Saida[18] ; 14.015 ; 13.976 ; 13.976 ; 14.015 ;
; BCD_Entrada[6] ; BCD_Saida[19] ; 14.015 ; 13.976 ; 13.976 ; 14.015 ;
+----------------+---------------+--------+--------+--------+--------+


+--------------------------------------------------------------------+
; Minimum Propagation Delay                                          ;
+----------------+---------------+--------+--------+--------+--------+
; Input Port     ; Output Port   ; RR     ; RF     ; FR     ; FF     ;
+----------------+---------------+--------+--------+--------+--------+
; BCD_Entrada[0] ; BCD_Saida[0]  ; 8.353  ; 8.353  ; 8.353  ; 8.353  ;
; BCD_Entrada[0] ; BCD_Saida[1]  ; 8.269  ; 8.269  ; 8.269  ; 8.269  ;
; BCD_Entrada[0] ; BCD_Saida[2]  ; 9.534  ; 8.130  ; 8.130  ; 9.534  ;
; BCD_Entrada[0] ; BCD_Saida[3]  ; 8.067  ; 8.067  ; 8.067  ; 8.067  ;
; BCD_Entrada[0] ; BCD_Saida[4]  ; 8.081  ;        ;        ; 8.081  ;
; BCD_Entrada[0] ; BCD_Saida[5]  ; 7.903  ;        ;        ; 7.903  ;
; BCD_Entrada[0] ; BCD_Saida[6]  ; 8.108  ; 9.290  ; 9.290  ; 8.108  ;
; BCD_Entrada[0] ; BCD_Saida[7]  ; 9.457  ;        ;        ; 9.457  ;
; BCD_Entrada[0] ; BCD_Saida[8]  ; 9.458  ;        ;        ; 9.458  ;
; BCD_Entrada[0] ; BCD_Saida[9]  ; 9.043  ;        ;        ; 9.043  ;
; BCD_Entrada[0] ; BCD_Saida[10] ; 9.012  ;        ;        ; 9.012  ;
; BCD_Entrada[0] ; BCD_Saida[11] ; 9.079  ;        ;        ; 9.079  ;
; BCD_Entrada[0] ; BCD_Saida[12] ; 9.147  ;        ;        ; 9.147  ;
; BCD_Entrada[0] ; BCD_Saida[13] ;        ; 9.401  ; 9.401  ;        ;
; BCD_Entrada[0] ; BCD_Saida[14] ; 9.341  ;        ;        ; 9.341  ;
; BCD_Entrada[0] ; BCD_Saida[17] ; 9.377  ;        ;        ; 9.377  ;
; BCD_Entrada[0] ; BCD_Saida[18] ; 9.421  ;        ;        ; 9.421  ;
; BCD_Entrada[0] ; BCD_Saida[19] ; 9.421  ;        ;        ; 9.421  ;
; BCD_Entrada[1] ; BCD_Saida[0]  ; 8.965  ; 8.965  ; 8.965  ; 8.965  ;
; BCD_Entrada[1] ; BCD_Saida[1]  ; 8.869  ; 8.869  ; 8.869  ; 8.869  ;
; BCD_Entrada[1] ; BCD_Saida[2]  ; 8.724  ; 9.964  ; 9.964  ; 8.724  ;
; BCD_Entrada[1] ; BCD_Saida[3]  ; 8.664  ; 8.664  ; 8.664  ; 8.664  ;
; BCD_Entrada[1] ; BCD_Saida[4]  ; 8.682  ; 8.682  ; 8.682  ; 8.682  ;
; BCD_Entrada[1] ; BCD_Saida[5]  ; 8.493  ; 9.733  ; 9.733  ; 8.493  ;
; BCD_Entrada[1] ; BCD_Saida[6]  ; 8.700  ; 8.700  ; 8.700  ; 8.700  ;
; BCD_Entrada[1] ; BCD_Saida[7]  ; 9.322  ; 9.555  ; 9.555  ; 9.322  ;
; BCD_Entrada[1] ; BCD_Saida[8]  ; 9.323  ; 9.520  ; 9.520  ; 9.323  ;
; BCD_Entrada[1] ; BCD_Saida[9]  ; 8.908  ; 8.994  ; 8.994  ; 8.908  ;
; BCD_Entrada[1] ; BCD_Saida[10] ; 8.877  ; 8.944  ; 8.944  ; 8.877  ;
; BCD_Entrada[1] ; BCD_Saida[11] ; 8.944  ;        ;        ; 8.944  ;
; BCD_Entrada[1] ; BCD_Saida[12] ; 9.012  ;        ;        ; 9.012  ;
; BCD_Entrada[1] ; BCD_Saida[13] ; 9.296  ; 9.266  ; 9.266  ; 9.296  ;
; BCD_Entrada[1] ; BCD_Saida[14] ; 9.206  ;        ;        ; 9.206  ;
; BCD_Entrada[1] ; BCD_Saida[17] ; 9.242  ;        ;        ; 9.242  ;
; BCD_Entrada[1] ; BCD_Saida[18] ; 9.286  ;        ;        ; 9.286  ;
; BCD_Entrada[1] ; BCD_Saida[19] ; 9.286  ;        ;        ; 9.286  ;
; BCD_Entrada[2] ; BCD_Saida[0]  ; 9.326  ; 10.463 ; 10.463 ; 9.326  ;
; BCD_Entrada[2] ; BCD_Saida[1]  ; 9.257  ; 10.398 ; 10.398 ; 9.257  ;
; BCD_Entrada[2] ; BCD_Saida[2]  ; 9.273  ; 10.405 ; 10.405 ; 9.273  ;
; BCD_Entrada[2] ; BCD_Saida[3]  ; 9.065  ; 10.194 ; 10.194 ; 9.065  ;
; BCD_Entrada[2] ; BCD_Saida[4]  ; 9.040  ; 10.182 ; 10.182 ; 9.040  ;
; BCD_Entrada[2] ; BCD_Saida[5]  ; 9.045  ; 10.174 ; 10.174 ; 9.045  ;
; BCD_Entrada[2] ; BCD_Saida[6]  ; 10.188 ; 9.029  ; 9.029  ; 10.188 ;
; BCD_Entrada[2] ; BCD_Saida[7]  ; 9.196  ; 10.626 ; 10.626 ; 9.196  ;
; BCD_Entrada[2] ; BCD_Saida[8]  ; 9.197  ; 10.591 ; 10.591 ; 9.197  ;
; BCD_Entrada[2] ; BCD_Saida[9]  ; 8.782  ; 10.065 ; 10.065 ; 8.782  ;
; BCD_Entrada[2] ; BCD_Saida[10] ; 8.751  ; 10.015 ; 10.015 ; 8.751  ;
; BCD_Entrada[2] ; BCD_Saida[11] ; 8.818  ; 10.918 ; 10.918 ; 8.818  ;
; BCD_Entrada[2] ; BCD_Saida[12] ; 8.886  ; 11.460 ; 11.460 ; 8.886  ;
; BCD_Entrada[2] ; BCD_Saida[13] ; 10.367 ; 9.140  ; 9.140  ; 10.367 ;
; BCD_Entrada[2] ; BCD_Saida[14] ; 9.080  ;        ;        ; 9.080  ;
; BCD_Entrada[2] ; BCD_Saida[17] ; 9.116  ;        ;        ; 9.116  ;
; BCD_Entrada[2] ; BCD_Saida[18] ; 9.160  ;        ;        ; 9.160  ;
; BCD_Entrada[2] ; BCD_Saida[19] ; 9.160  ;        ;        ; 9.160  ;
; BCD_Entrada[3] ; BCD_Saida[0]  ; 8.505  ; 9.511  ; 9.511  ; 8.505  ;
; BCD_Entrada[3] ; BCD_Saida[1]  ; 8.436  ; 9.446  ; 9.446  ; 8.436  ;
; BCD_Entrada[3] ; BCD_Saida[2]  ; 8.452  ; 9.453  ; 9.453  ; 8.452  ;
; BCD_Entrada[3] ; BCD_Saida[3]  ; 8.244  ; 9.242  ; 9.242  ; 8.244  ;
; BCD_Entrada[3] ; BCD_Saida[4]  ; 8.219  ; 9.230  ; 9.230  ; 8.219  ;
; BCD_Entrada[3] ; BCD_Saida[5]  ; 8.224  ; 9.186  ; 9.186  ; 8.224  ;
; BCD_Entrada[3] ; BCD_Saida[6]  ; 9.236  ; 8.208  ; 8.208  ; 9.236  ;
; BCD_Entrada[3] ; BCD_Saida[7]  ; 8.375  ; 10.000 ; 10.000 ; 8.375  ;
; BCD_Entrada[3] ; BCD_Saida[8]  ; 8.376  ; 9.965  ; 9.965  ; 8.376  ;
; BCD_Entrada[3] ; BCD_Saida[9]  ; 7.961  ; 9.439  ; 9.439  ; 7.961  ;
; BCD_Entrada[3] ; BCD_Saida[10] ; 7.930  ; 9.389  ; 9.389  ; 7.930  ;
; BCD_Entrada[3] ; BCD_Saida[11] ; 7.997  ; 10.342 ; 10.342 ; 7.997  ;
; BCD_Entrada[3] ; BCD_Saida[12] ; 8.065  ; 10.010 ; 10.010 ; 8.065  ;
; BCD_Entrada[3] ; BCD_Saida[13] ; 9.741  ; 8.319  ; 8.319  ; 9.741  ;
; BCD_Entrada[3] ; BCD_Saida[14] ; 8.259  ; 11.932 ; 11.932 ; 8.259  ;
; BCD_Entrada[3] ; BCD_Saida[17] ; 8.295  ; 11.968 ; 11.968 ; 8.295  ;
; BCD_Entrada[3] ; BCD_Saida[18] ; 8.339  ; 12.012 ; 12.012 ; 8.339  ;
; BCD_Entrada[3] ; BCD_Saida[19] ; 8.339  ; 12.012 ; 12.012 ; 8.339  ;
; BCD_Entrada[4] ; BCD_Saida[0]  ; 7.974  ; 9.922  ; 9.922  ; 7.974  ;
; BCD_Entrada[4] ; BCD_Saida[1]  ; 7.905  ; 9.857  ; 9.857  ; 7.905  ;
; BCD_Entrada[4] ; BCD_Saida[2]  ; 7.921  ; 9.864  ; 9.864  ; 7.921  ;
; BCD_Entrada[4] ; BCD_Saida[3]  ; 7.713  ; 9.653  ; 9.653  ; 7.713  ;
; BCD_Entrada[4] ; BCD_Saida[4]  ; 7.688  ; 9.641  ; 9.641  ; 7.688  ;
; BCD_Entrada[4] ; BCD_Saida[5]  ; 7.693  ; 9.633  ; 9.633  ; 7.693  ;
; BCD_Entrada[4] ; BCD_Saida[6]  ; 9.647  ; 7.677  ; 7.677  ; 9.647  ;
; BCD_Entrada[4] ; BCD_Saida[7]  ; 7.844  ; 10.064 ; 10.064 ; 7.844  ;
; BCD_Entrada[4] ; BCD_Saida[8]  ; 7.845  ; 10.064 ; 10.064 ; 7.845  ;
; BCD_Entrada[4] ; BCD_Saida[9]  ; 7.430  ; 9.643  ; 9.643  ; 7.430  ;
; BCD_Entrada[4] ; BCD_Saida[10] ; 7.399  ; 9.541  ; 9.541  ; 7.399  ;
; BCD_Entrada[4] ; BCD_Saida[11] ; 7.466  ; 9.685  ; 9.685  ; 7.466  ;
; BCD_Entrada[4] ; BCD_Saida[12] ; 7.534  ; 9.734  ; 9.734  ; 7.534  ;
; BCD_Entrada[4] ; BCD_Saida[13] ; 9.887  ; 7.788  ; 7.788  ; 9.887  ;
; BCD_Entrada[4] ; BCD_Saida[14] ; 7.728  ; 10.745 ; 10.745 ; 7.728  ;
; BCD_Entrada[4] ; BCD_Saida[17] ; 7.764  ; 10.781 ; 10.781 ; 7.764  ;
; BCD_Entrada[4] ; BCD_Saida[18] ; 7.808  ; 10.825 ; 10.825 ; 7.808  ;
; BCD_Entrada[4] ; BCD_Saida[19] ; 7.808  ; 10.825 ; 10.825 ; 7.808  ;
; BCD_Entrada[5] ; BCD_Saida[0]  ; 8.200  ; 10.045 ; 10.045 ; 8.200  ;
; BCD_Entrada[5] ; BCD_Saida[1]  ; 8.131  ; 9.980  ; 9.980  ; 8.131  ;
; BCD_Entrada[5] ; BCD_Saida[2]  ; 8.147  ; 9.987  ; 9.987  ; 8.147  ;
; BCD_Entrada[5] ; BCD_Saida[3]  ; 7.939  ; 9.776  ; 9.776  ; 7.939  ;
; BCD_Entrada[5] ; BCD_Saida[4]  ; 7.914  ; 9.764  ; 9.764  ; 7.914  ;
; BCD_Entrada[5] ; BCD_Saida[5]  ; 7.919  ; 9.756  ; 9.756  ; 7.919  ;
; BCD_Entrada[5] ; BCD_Saida[6]  ; 9.770  ; 7.903  ; 7.903  ; 9.770  ;
; BCD_Entrada[5] ; BCD_Saida[7]  ; 8.070  ; 9.872  ; 9.872  ; 8.070  ;
; BCD_Entrada[5] ; BCD_Saida[8]  ; 8.071  ; 9.872  ; 9.872  ; 8.071  ;
; BCD_Entrada[5] ; BCD_Saida[9]  ; 7.656  ; 9.470  ; 9.470  ; 7.656  ;
; BCD_Entrada[5] ; BCD_Saida[10] ; 7.625  ; 9.349  ; 9.349  ; 7.625  ;
; BCD_Entrada[5] ; BCD_Saida[11] ; 7.692  ; 9.493  ; 9.493  ; 7.692  ;
; BCD_Entrada[5] ; BCD_Saida[12] ; 7.760  ; 9.542  ; 9.542  ; 7.760  ;
; BCD_Entrada[5] ; BCD_Saida[13] ; 9.695  ; 8.014  ; 8.014  ; 9.695  ;
; BCD_Entrada[5] ; BCD_Saida[14] ; 7.954  ; 10.675 ; 10.675 ; 7.954  ;
; BCD_Entrada[5] ; BCD_Saida[17] ; 7.990  ; 10.711 ; 10.711 ; 7.990  ;
; BCD_Entrada[5] ; BCD_Saida[18] ; 8.034  ; 10.755 ; 10.755 ; 8.034  ;
; BCD_Entrada[5] ; BCD_Saida[19] ; 8.034  ; 10.755 ; 10.755 ; 8.034  ;
; BCD_Entrada[6] ; BCD_Saida[0]  ; 7.662  ; 9.894  ; 9.894  ; 7.662  ;
; BCD_Entrada[6] ; BCD_Saida[1]  ; 7.593  ; 9.831  ; 9.831  ; 7.593  ;
; BCD_Entrada[6] ; BCD_Saida[2]  ; 7.609  ; 9.834  ; 9.834  ; 7.609  ;
; BCD_Entrada[6] ; BCD_Saida[3]  ; 7.401  ; 9.619  ; 9.619  ; 7.401  ;
; BCD_Entrada[6] ; BCD_Saida[4]  ; 7.376  ; 9.614  ; 9.614  ; 7.376  ;
; BCD_Entrada[6] ; BCD_Saida[5]  ; 7.381  ; 9.602  ; 9.602  ; 7.381  ;
; BCD_Entrada[6] ; BCD_Saida[6]  ; 9.381  ; 7.365  ; 7.365  ; 9.381  ;
; BCD_Entrada[6] ; BCD_Saida[7]  ; 7.532  ; 9.832  ; 9.832  ; 7.532  ;
; BCD_Entrada[6] ; BCD_Saida[8]  ; 7.533  ; 9.832  ; 9.832  ; 7.533  ;
; BCD_Entrada[6] ; BCD_Saida[9]  ; 7.118  ; 9.430  ; 9.430  ; 7.118  ;
; BCD_Entrada[6] ; BCD_Saida[10] ; 7.087  ; 9.309  ; 9.309  ; 7.087  ;
; BCD_Entrada[6] ; BCD_Saida[11] ; 7.154  ; 9.453  ; 9.453  ; 7.154  ;
; BCD_Entrada[6] ; BCD_Saida[12] ; 7.222  ; 9.502  ; 9.502  ; 7.222  ;
; BCD_Entrada[6] ; BCD_Saida[13] ; 9.655  ; 7.476  ; 7.476  ; 9.655  ;
; BCD_Entrada[6] ; BCD_Saida[14] ; 7.416  ; 10.753 ; 10.753 ; 7.416  ;
; BCD_Entrada[6] ; BCD_Saida[17] ; 7.452  ; 10.789 ; 10.789 ; 7.452  ;
; BCD_Entrada[6] ; BCD_Saida[18] ; 7.496  ; 10.833 ; 10.833 ; 7.496  ;
; BCD_Entrada[6] ; BCD_Saida[19] ; 7.496  ; 10.833 ; 10.833 ; 7.496  ;
+----------------+---------------+--------+--------+--------+--------+


----------------------------
; Fast Model Setup Summary ;
----------------------------
No paths to report.


---------------------------
; Fast Model Hold Summary ;
---------------------------
No paths to report.


-------------------------------
; Fast Model Recovery Summary ;
-------------------------------
No paths to report.


------------------------------
; Fast Model Removal Summary ;
------------------------------
No paths to report.


------------------------------------------
; Fast Model Minimum Pulse Width Summary ;
------------------------------------------
No paths to report.


+----------------------------------------------------------------+
; Propagation Delay                                              ;
+----------------+---------------+-------+-------+-------+-------+
; Input Port     ; Output Port   ; RR    ; RF    ; FR    ; FF    ;
+----------------+---------------+-------+-------+-------+-------+
; BCD_Entrada[0] ; BCD_Saida[0]  ; 4.897 ; 4.307 ; 4.307 ; 4.897 ;
; BCD_Entrada[0] ; BCD_Saida[1]  ; 4.837 ; 4.253 ; 4.253 ; 4.837 ;
; BCD_Entrada[0] ; BCD_Saida[2]  ; 4.854 ; 4.192 ; 4.192 ; 4.854 ;
; BCD_Entrada[0] ; BCD_Saida[3]  ; 4.772 ; 4.178 ; 4.178 ; 4.772 ;
; BCD_Entrada[0] ; BCD_Saida[4]  ; 4.751 ;       ;       ; 4.751 ;
; BCD_Entrada[0] ; BCD_Saida[5]  ; 4.754 ;       ;       ; 4.754 ;
; BCD_Entrada[0] ; BCD_Saida[6]  ; 4.187 ; 4.765 ; 4.765 ; 4.187 ;
; BCD_Entrada[0] ; BCD_Saida[7]  ; 4.853 ;       ;       ; 4.853 ;
; BCD_Entrada[0] ; BCD_Saida[8]  ; 4.852 ;       ;       ; 4.852 ;
; BCD_Entrada[0] ; BCD_Saida[9]  ; 4.612 ;       ;       ; 4.612 ;
; BCD_Entrada[0] ; BCD_Saida[10] ; 4.597 ;       ;       ; 4.597 ;
; BCD_Entrada[0] ; BCD_Saida[11] ; 4.644 ;       ;       ; 4.644 ;
; BCD_Entrada[0] ; BCD_Saida[12] ; 4.639 ;       ;       ; 4.639 ;
; BCD_Entrada[0] ; BCD_Saida[13] ;       ; 4.773 ; 4.773 ;       ;
; BCD_Entrada[0] ; BCD_Saida[14] ; 4.769 ;       ;       ; 4.769 ;
; BCD_Entrada[0] ; BCD_Saida[17] ; 4.804 ;       ;       ; 4.804 ;
; BCD_Entrada[0] ; BCD_Saida[18] ; 4.818 ;       ;       ; 4.818 ;
; BCD_Entrada[0] ; BCD_Saida[19] ; 4.818 ;       ;       ; 4.818 ;
; BCD_Entrada[1] ; BCD_Saida[0]  ; 5.756 ; 5.756 ; 5.756 ; 5.756 ;
; BCD_Entrada[1] ; BCD_Saida[1]  ; 5.693 ; 5.693 ; 5.693 ; 5.693 ;
; BCD_Entrada[1] ; BCD_Saida[2]  ; 5.634 ; 5.634 ; 5.634 ; 5.634 ;
; BCD_Entrada[1] ; BCD_Saida[3]  ; 5.615 ; 5.615 ; 5.615 ; 5.615 ;
; BCD_Entrada[1] ; BCD_Saida[4]  ; 5.616 ; 5.616 ; 5.616 ; 5.616 ;
; BCD_Entrada[1] ; BCD_Saida[5]  ; 5.524 ; 5.524 ; 5.524 ; 5.524 ;
; BCD_Entrada[1] ; BCD_Saida[6]  ; 5.615 ; 5.615 ; 5.615 ; 5.615 ;
; BCD_Entrada[1] ; BCD_Saida[7]  ; 4.788 ; 4.788 ; 4.788 ; 4.788 ;
; BCD_Entrada[1] ; BCD_Saida[8]  ; 4.781 ; 4.770 ; 4.770 ; 4.781 ;
; BCD_Entrada[1] ; BCD_Saida[9]  ; 4.541 ; 4.482 ; 4.482 ; 4.541 ;
; BCD_Entrada[1] ; BCD_Saida[10] ; 4.526 ; 4.450 ; 4.450 ; 4.526 ;
; BCD_Entrada[1] ; BCD_Saida[11] ; 4.573 ;       ;       ; 4.573 ;
; BCD_Entrada[1] ; BCD_Saida[12] ; 4.568 ;       ;       ; 4.568 ;
; BCD_Entrada[1] ; BCD_Saida[13] ; 4.632 ; 4.702 ; 4.702 ; 4.632 ;
; BCD_Entrada[1] ; BCD_Saida[14] ; 4.698 ;       ;       ; 4.698 ;
; BCD_Entrada[1] ; BCD_Saida[17] ; 4.733 ;       ;       ; 4.733 ;
; BCD_Entrada[1] ; BCD_Saida[18] ; 4.747 ;       ;       ; 4.747 ;
; BCD_Entrada[1] ; BCD_Saida[19] ; 4.747 ;       ;       ; 4.747 ;
; BCD_Entrada[2] ; BCD_Saida[0]  ; 7.197 ; 7.197 ; 7.197 ; 7.197 ;
; BCD_Entrada[2] ; BCD_Saida[1]  ; 7.134 ; 7.134 ; 7.134 ; 7.134 ;
; BCD_Entrada[2] ; BCD_Saida[2]  ; 7.075 ; 7.075 ; 7.075 ; 7.075 ;
; BCD_Entrada[2] ; BCD_Saida[3]  ; 7.056 ; 7.056 ; 7.056 ; 7.056 ;
; BCD_Entrada[2] ; BCD_Saida[4]  ; 7.057 ; 7.057 ; 7.057 ; 7.057 ;
; BCD_Entrada[2] ; BCD_Saida[5]  ; 6.965 ; 6.965 ; 6.965 ; 6.965 ;
; BCD_Entrada[2] ; BCD_Saida[6]  ; 7.056 ; 7.056 ; 7.056 ; 7.056 ;
; BCD_Entrada[2] ; BCD_Saida[7]  ; 6.532 ; 6.532 ; 6.532 ; 6.532 ;
; BCD_Entrada[2] ; BCD_Saida[8]  ; 6.514 ; 6.514 ; 6.514 ; 6.514 ;
; BCD_Entrada[2] ; BCD_Saida[9]  ; 6.226 ; 6.070 ; 6.070 ; 6.226 ;
; BCD_Entrada[2] ; BCD_Saida[10] ; 6.194 ; 6.194 ; 6.194 ; 6.194 ;
; BCD_Entrada[2] ; BCD_Saida[11] ; 6.086 ; 6.239 ; 6.239 ; 6.086 ;
; BCD_Entrada[2] ; BCD_Saida[12] ; 6.146 ; 6.301 ; 6.301 ; 6.146 ;
; BCD_Entrada[2] ; BCD_Saida[13] ; 6.221 ; 6.376 ; 6.376 ; 6.221 ;
; BCD_Entrada[2] ; BCD_Saida[14] ; 5.528 ;       ;       ; 5.528 ;
; BCD_Entrada[2] ; BCD_Saida[17] ; 5.563 ;       ;       ; 5.563 ;
; BCD_Entrada[2] ; BCD_Saida[18] ; 5.577 ;       ;       ; 5.577 ;
; BCD_Entrada[2] ; BCD_Saida[19] ; 5.577 ;       ;       ; 5.577 ;
; BCD_Entrada[3] ; BCD_Saida[0]  ; 7.743 ; 7.743 ; 7.743 ; 7.743 ;
; BCD_Entrada[3] ; BCD_Saida[1]  ; 7.680 ; 7.680 ; 7.680 ; 7.680 ;
; BCD_Entrada[3] ; BCD_Saida[2]  ; 7.621 ; 7.621 ; 7.621 ; 7.621 ;
; BCD_Entrada[3] ; BCD_Saida[3]  ; 7.602 ; 7.602 ; 7.602 ; 7.602 ;
; BCD_Entrada[3] ; BCD_Saida[4]  ; 7.603 ; 7.603 ; 7.603 ; 7.603 ;
; BCD_Entrada[3] ; BCD_Saida[5]  ; 7.511 ; 7.511 ; 7.511 ; 7.511 ;
; BCD_Entrada[3] ; BCD_Saida[6]  ; 7.602 ; 7.602 ; 7.602 ; 7.602 ;
; BCD_Entrada[3] ; BCD_Saida[7]  ; 7.188 ; 7.188 ; 7.188 ; 7.188 ;
; BCD_Entrada[3] ; BCD_Saida[8]  ; 7.170 ; 7.170 ; 7.170 ; 7.170 ;
; BCD_Entrada[3] ; BCD_Saida[9]  ; 6.882 ; 6.774 ; 6.774 ; 6.882 ;
; BCD_Entrada[3] ; BCD_Saida[10] ; 6.850 ; 6.850 ; 6.850 ; 6.850 ;
; BCD_Entrada[3] ; BCD_Saida[11] ; 6.787 ; 6.895 ; 6.895 ; 6.787 ;
; BCD_Entrada[3] ; BCD_Saida[12] ; 6.849 ; 6.957 ; 6.957 ; 6.849 ;
; BCD_Entrada[3] ; BCD_Saida[13] ; 6.924 ; 7.032 ; 7.032 ; 6.924 ;
; BCD_Entrada[3] ; BCD_Saida[14] ; 6.184 ; 6.076 ; 6.076 ; 6.184 ;
; BCD_Entrada[3] ; BCD_Saida[17] ; 6.219 ; 6.111 ; 6.111 ; 6.219 ;
; BCD_Entrada[3] ; BCD_Saida[18] ; 6.233 ; 6.125 ; 6.125 ; 6.233 ;
; BCD_Entrada[3] ; BCD_Saida[19] ; 6.233 ; 6.125 ; 6.125 ; 6.233 ;
; BCD_Entrada[4] ; BCD_Saida[0]  ; 8.346 ; 8.346 ; 8.346 ; 8.346 ;
; BCD_Entrada[4] ; BCD_Saida[1]  ; 8.283 ; 8.283 ; 8.283 ; 8.283 ;
; BCD_Entrada[4] ; BCD_Saida[2]  ; 8.224 ; 8.224 ; 8.224 ; 8.224 ;
; BCD_Entrada[4] ; BCD_Saida[3]  ; 8.205 ; 8.205 ; 8.205 ; 8.205 ;
; BCD_Entrada[4] ; BCD_Saida[4]  ; 8.206 ; 8.206 ; 8.206 ; 8.206 ;
; BCD_Entrada[4] ; BCD_Saida[5]  ; 8.114 ; 8.114 ; 8.114 ; 8.114 ;
; BCD_Entrada[4] ; BCD_Saida[6]  ; 8.205 ; 8.205 ; 8.205 ; 8.205 ;
; BCD_Entrada[4] ; BCD_Saida[7]  ; 7.602 ; 7.602 ; 7.602 ; 7.602 ;
; BCD_Entrada[4] ; BCD_Saida[8]  ; 7.584 ; 7.584 ; 7.584 ; 7.584 ;
; BCD_Entrada[4] ; BCD_Saida[9]  ; 7.296 ; 7.280 ; 7.280 ; 7.296 ;
; BCD_Entrada[4] ; BCD_Saida[10] ; 7.264 ; 7.264 ; 7.264 ; 7.264 ;
; BCD_Entrada[4] ; BCD_Saida[11] ; 7.293 ; 7.309 ; 7.309 ; 7.293 ;
; BCD_Entrada[4] ; BCD_Saida[12] ; 7.355 ; 7.371 ; 7.371 ; 7.355 ;
; BCD_Entrada[4] ; BCD_Saida[13] ; 7.430 ; 7.446 ; 7.446 ; 7.430 ;
; BCD_Entrada[4] ; BCD_Saida[14] ; 6.598 ; 6.582 ; 6.582 ; 6.598 ;
; BCD_Entrada[4] ; BCD_Saida[17] ; 6.633 ; 6.617 ; 6.617 ; 6.633 ;
; BCD_Entrada[4] ; BCD_Saida[18] ; 6.647 ; 6.631 ; 6.631 ; 6.647 ;
; BCD_Entrada[4] ; BCD_Saida[19] ; 6.647 ; 6.631 ; 6.631 ; 6.647 ;
; BCD_Entrada[5] ; BCD_Saida[0]  ; 8.395 ; 8.395 ; 8.395 ; 8.395 ;
; BCD_Entrada[5] ; BCD_Saida[1]  ; 8.332 ; 8.332 ; 8.332 ; 8.332 ;
; BCD_Entrada[5] ; BCD_Saida[2]  ; 8.273 ; 8.273 ; 8.273 ; 8.273 ;
; BCD_Entrada[5] ; BCD_Saida[3]  ; 8.254 ; 8.254 ; 8.254 ; 8.254 ;
; BCD_Entrada[5] ; BCD_Saida[4]  ; 8.255 ; 8.255 ; 8.255 ; 8.255 ;
; BCD_Entrada[5] ; BCD_Saida[5]  ; 8.163 ; 8.163 ; 8.163 ; 8.163 ;
; BCD_Entrada[5] ; BCD_Saida[6]  ; 8.254 ; 8.254 ; 8.254 ; 8.254 ;
; BCD_Entrada[5] ; BCD_Saida[7]  ; 7.508 ; 7.508 ; 7.508 ; 7.508 ;
; BCD_Entrada[5] ; BCD_Saida[8]  ; 7.490 ; 7.490 ; 7.490 ; 7.490 ;
; BCD_Entrada[5] ; BCD_Saida[9]  ; 7.202 ; 7.186 ; 7.186 ; 7.202 ;
; BCD_Entrada[5] ; BCD_Saida[10] ; 7.170 ; 7.170 ; 7.170 ; 7.170 ;
; BCD_Entrada[5] ; BCD_Saida[11] ; 7.199 ; 7.215 ; 7.215 ; 7.199 ;
; BCD_Entrada[5] ; BCD_Saida[12] ; 7.261 ; 7.277 ; 7.277 ; 7.261 ;
; BCD_Entrada[5] ; BCD_Saida[13] ; 7.336 ; 7.352 ; 7.352 ; 7.336 ;
; BCD_Entrada[5] ; BCD_Saida[14] ; 6.504 ; 6.488 ; 6.488 ; 6.504 ;
; BCD_Entrada[5] ; BCD_Saida[17] ; 6.539 ; 6.523 ; 6.523 ; 6.539 ;
; BCD_Entrada[5] ; BCD_Saida[18] ; 6.553 ; 6.537 ; 6.537 ; 6.553 ;
; BCD_Entrada[5] ; BCD_Saida[19] ; 6.553 ; 6.537 ; 6.537 ; 6.553 ;
; BCD_Entrada[6] ; BCD_Saida[0]  ; 8.209 ; 8.209 ; 8.209 ; 8.209 ;
; BCD_Entrada[6] ; BCD_Saida[1]  ; 8.146 ; 8.146 ; 8.146 ; 8.146 ;
; BCD_Entrada[6] ; BCD_Saida[2]  ; 8.087 ; 8.087 ; 8.087 ; 8.087 ;
; BCD_Entrada[6] ; BCD_Saida[3]  ; 8.068 ; 8.068 ; 8.068 ; 8.068 ;
; BCD_Entrada[6] ; BCD_Saida[4]  ; 8.069 ; 8.069 ; 8.069 ; 8.069 ;
; BCD_Entrada[6] ; BCD_Saida[5]  ; 7.977 ; 7.977 ; 7.977 ; 7.977 ;
; BCD_Entrada[6] ; BCD_Saida[6]  ; 8.068 ; 8.068 ; 8.068 ; 8.068 ;
; BCD_Entrada[6] ; BCD_Saida[7]  ; 7.489 ; 7.489 ; 7.489 ; 7.489 ;
; BCD_Entrada[6] ; BCD_Saida[8]  ; 7.471 ; 7.471 ; 7.471 ; 7.471 ;
; BCD_Entrada[6] ; BCD_Saida[9]  ; 7.183 ; 7.167 ; 7.167 ; 7.183 ;
; BCD_Entrada[6] ; BCD_Saida[10] ; 7.151 ; 7.151 ; 7.151 ; 7.151 ;
; BCD_Entrada[6] ; BCD_Saida[11] ; 7.180 ; 7.196 ; 7.196 ; 7.180 ;
; BCD_Entrada[6] ; BCD_Saida[12] ; 7.242 ; 7.258 ; 7.258 ; 7.242 ;
; BCD_Entrada[6] ; BCD_Saida[13] ; 7.317 ; 7.333 ; 7.333 ; 7.317 ;
; BCD_Entrada[6] ; BCD_Saida[14] ; 6.485 ; 6.469 ; 6.469 ; 6.485 ;
; BCD_Entrada[6] ; BCD_Saida[17] ; 6.520 ; 6.504 ; 6.504 ; 6.520 ;
; BCD_Entrada[6] ; BCD_Saida[18] ; 6.534 ; 6.518 ; 6.518 ; 6.534 ;
; BCD_Entrada[6] ; BCD_Saida[19] ; 6.534 ; 6.518 ; 6.518 ; 6.534 ;
+----------------+---------------+-------+-------+-------+-------+


+----------------------------------------------------------------+
; Minimum Propagation Delay                                      ;
+----------------+---------------+-------+-------+-------+-------+
; Input Port     ; Output Port   ; RR    ; RF    ; FR    ; FF    ;
+----------------+---------------+-------+-------+-------+-------+
; BCD_Entrada[0] ; BCD_Saida[0]  ; 4.307 ; 4.307 ; 4.307 ; 4.307 ;
; BCD_Entrada[0] ; BCD_Saida[1]  ; 4.253 ; 4.253 ; 4.253 ; 4.253 ;
; BCD_Entrada[0] ; BCD_Saida[2]  ; 4.854 ; 4.192 ; 4.192 ; 4.854 ;
; BCD_Entrada[0] ; BCD_Saida[3]  ; 4.178 ; 4.178 ; 4.178 ; 4.178 ;
; BCD_Entrada[0] ; BCD_Saida[4]  ; 4.173 ;       ;       ; 4.173 ;
; BCD_Entrada[0] ; BCD_Saida[5]  ; 4.092 ;       ;       ; 4.092 ;
; BCD_Entrada[0] ; BCD_Saida[6]  ; 4.187 ; 4.765 ; 4.765 ; 4.187 ;
; BCD_Entrada[0] ; BCD_Saida[7]  ; 4.853 ;       ;       ; 4.853 ;
; BCD_Entrada[0] ; BCD_Saida[8]  ; 4.852 ;       ;       ; 4.852 ;
; BCD_Entrada[0] ; BCD_Saida[9]  ; 4.612 ;       ;       ; 4.612 ;
; BCD_Entrada[0] ; BCD_Saida[10] ; 4.597 ;       ;       ; 4.597 ;
; BCD_Entrada[0] ; BCD_Saida[11] ; 4.644 ;       ;       ; 4.644 ;
; BCD_Entrada[0] ; BCD_Saida[12] ; 4.639 ;       ;       ; 4.639 ;
; BCD_Entrada[0] ; BCD_Saida[13] ;       ; 4.773 ; 4.773 ;       ;
; BCD_Entrada[0] ; BCD_Saida[14] ; 4.769 ;       ;       ; 4.769 ;
; BCD_Entrada[0] ; BCD_Saida[17] ; 4.804 ;       ;       ; 4.804 ;
; BCD_Entrada[0] ; BCD_Saida[18] ; 4.818 ;       ;       ; 4.818 ;
; BCD_Entrada[0] ; BCD_Saida[19] ; 4.818 ;       ;       ; 4.818 ;
; BCD_Entrada[1] ; BCD_Saida[0]  ; 4.534 ; 4.534 ; 4.534 ; 4.534 ;
; BCD_Entrada[1] ; BCD_Saida[1]  ; 4.471 ; 4.471 ; 4.471 ; 4.471 ;
; BCD_Entrada[1] ; BCD_Saida[2]  ; 4.404 ; 4.931 ; 4.931 ; 4.404 ;
; BCD_Entrada[1] ; BCD_Saida[3]  ; 4.393 ; 4.393 ; 4.393 ; 4.393 ;
; BCD_Entrada[1] ; BCD_Saida[4]  ; 4.394 ; 4.394 ; 4.394 ; 4.394 ;
; BCD_Entrada[1] ; BCD_Saida[5]  ; 4.304 ; 4.827 ; 4.827 ; 4.304 ;
; BCD_Entrada[1] ; BCD_Saida[6]  ; 4.398 ; 4.398 ; 4.398 ; 4.398 ;
; BCD_Entrada[1] ; BCD_Saida[7]  ; 4.703 ; 4.703 ; 4.703 ; 4.703 ;
; BCD_Entrada[1] ; BCD_Saida[8]  ; 4.685 ; 4.685 ; 4.685 ; 4.685 ;
; BCD_Entrada[1] ; BCD_Saida[9]  ; 4.541 ; 4.397 ; 4.397 ; 4.541 ;
; BCD_Entrada[1] ; BCD_Saida[10] ; 4.365 ; 4.365 ; 4.365 ; 4.365 ;
; BCD_Entrada[1] ; BCD_Saida[11] ; 4.410 ;       ;       ; 4.410 ;
; BCD_Entrada[1] ; BCD_Saida[12] ; 4.472 ;       ;       ; 4.472 ;
; BCD_Entrada[1] ; BCD_Saida[13] ; 4.547 ; 4.702 ; 4.702 ; 4.547 ;
; BCD_Entrada[1] ; BCD_Saida[14] ; 4.698 ;       ;       ; 4.698 ;
; BCD_Entrada[1] ; BCD_Saida[17] ; 4.733 ;       ;       ; 4.733 ;
; BCD_Entrada[1] ; BCD_Saida[18] ; 4.747 ;       ;       ; 4.747 ;
; BCD_Entrada[1] ; BCD_Saida[19] ; 4.747 ;       ;       ; 4.747 ;
; BCD_Entrada[2] ; BCD_Saida[0]  ; 4.755 ; 5.178 ; 5.178 ; 4.755 ;
; BCD_Entrada[2] ; BCD_Saida[1]  ; 4.695 ; 5.124 ; 5.124 ; 4.695 ;
; BCD_Entrada[2] ; BCD_Saida[2]  ; 4.712 ; 5.132 ; 5.132 ; 4.712 ;
; BCD_Entrada[2] ; BCD_Saida[3]  ; 4.630 ; 5.043 ; 5.043 ; 4.630 ;
; BCD_Entrada[2] ; BCD_Saida[4]  ; 4.609 ; 5.039 ; 5.039 ; 4.609 ;
; BCD_Entrada[2] ; BCD_Saida[5]  ; 4.612 ; 5.028 ; 5.028 ; 4.612 ;
; BCD_Entrada[2] ; BCD_Saida[6]  ; 5.057 ; 4.623 ; 4.623 ; 5.057 ;
; BCD_Entrada[2] ; BCD_Saida[7]  ; 4.711 ; 5.271 ; 5.271 ; 4.711 ;
; BCD_Entrada[2] ; BCD_Saida[8]  ; 4.710 ; 5.253 ; 5.253 ; 4.710 ;
; BCD_Entrada[2] ; BCD_Saida[9]  ; 4.470 ; 4.965 ; 4.965 ; 4.470 ;
; BCD_Entrada[2] ; BCD_Saida[10] ; 4.455 ; 4.933 ; 4.933 ; 4.455 ;
; BCD_Entrada[2] ; BCD_Saida[11] ; 4.502 ; 5.353 ; 5.353 ; 4.502 ;
; BCD_Entrada[2] ; BCD_Saida[12] ; 4.497 ; 5.589 ; 5.589 ; 4.497 ;
; BCD_Entrada[2] ; BCD_Saida[13] ; 5.115 ; 4.631 ; 4.631 ; 5.115 ;
; BCD_Entrada[2] ; BCD_Saida[14] ; 4.627 ;       ;       ; 4.627 ;
; BCD_Entrada[2] ; BCD_Saida[17] ; 4.662 ;       ;       ; 4.662 ;
; BCD_Entrada[2] ; BCD_Saida[18] ; 4.676 ;       ;       ; 4.676 ;
; BCD_Entrada[2] ; BCD_Saida[19] ; 4.676 ;       ;       ; 4.676 ;
; BCD_Entrada[3] ; BCD_Saida[0]  ; 4.305 ; 4.683 ; 4.683 ; 4.305 ;
; BCD_Entrada[3] ; BCD_Saida[1]  ; 4.245 ; 4.629 ; 4.629 ; 4.245 ;
; BCD_Entrada[3] ; BCD_Saida[2]  ; 4.262 ; 4.637 ; 4.637 ; 4.262 ;
; BCD_Entrada[3] ; BCD_Saida[3]  ; 4.180 ; 4.548 ; 4.548 ; 4.180 ;
; BCD_Entrada[3] ; BCD_Saida[4]  ; 4.159 ; 4.544 ; 4.544 ; 4.159 ;
; BCD_Entrada[3] ; BCD_Saida[5]  ; 4.162 ; 4.533 ; 4.533 ; 4.162 ;
; BCD_Entrada[3] ; BCD_Saida[6]  ; 4.562 ; 4.173 ; 4.173 ; 4.562 ;
; BCD_Entrada[3] ; BCD_Saida[7]  ; 4.261 ; 4.875 ; 4.875 ; 4.261 ;
; BCD_Entrada[3] ; BCD_Saida[8]  ; 4.260 ; 4.857 ; 4.857 ; 4.260 ;
; BCD_Entrada[3] ; BCD_Saida[9]  ; 4.020 ; 4.569 ; 4.569 ; 4.020 ;
; BCD_Entrada[3] ; BCD_Saida[10] ; 4.005 ; 4.537 ; 4.537 ; 4.005 ;
; BCD_Entrada[3] ; BCD_Saida[11] ; 4.052 ; 5.001 ; 5.001 ; 4.052 ;
; BCD_Entrada[3] ; BCD_Saida[12] ; 4.047 ; 4.830 ; 4.830 ; 4.047 ;
; BCD_Entrada[3] ; BCD_Saida[13] ; 4.719 ; 4.181 ; 4.181 ; 4.719 ;
; BCD_Entrada[3] ; BCD_Saida[14] ; 4.177 ; 5.635 ; 5.635 ; 4.177 ;
; BCD_Entrada[3] ; BCD_Saida[17] ; 4.212 ; 5.670 ; 5.670 ; 4.212 ;
; BCD_Entrada[3] ; BCD_Saida[18] ; 4.226 ; 5.684 ; 5.684 ; 4.226 ;
; BCD_Entrada[3] ; BCD_Saida[19] ; 4.226 ; 5.684 ; 5.684 ; 4.226 ;
; BCD_Entrada[4] ; BCD_Saida[0]  ; 4.096 ; 4.912 ; 4.912 ; 4.096 ;
; BCD_Entrada[4] ; BCD_Saida[1]  ; 4.036 ; 4.858 ; 4.858 ; 4.036 ;
; BCD_Entrada[4] ; BCD_Saida[2]  ; 4.053 ; 4.866 ; 4.866 ; 4.053 ;
; BCD_Entrada[4] ; BCD_Saida[3]  ; 3.971 ; 4.777 ; 4.777 ; 3.971 ;
; BCD_Entrada[4] ; BCD_Saida[4]  ; 3.950 ; 4.773 ; 4.773 ; 3.950 ;
; BCD_Entrada[4] ; BCD_Saida[5]  ; 3.953 ; 4.762 ; 4.762 ; 3.953 ;
; BCD_Entrada[4] ; BCD_Saida[6]  ; 4.791 ; 3.964 ; 3.964 ; 4.791 ;
; BCD_Entrada[4] ; BCD_Saida[7]  ; 4.052 ; 4.879 ; 4.879 ; 4.052 ;
; BCD_Entrada[4] ; BCD_Saida[8]  ; 4.051 ; 4.879 ; 4.879 ; 4.051 ;
; BCD_Entrada[4] ; BCD_Saida[9]  ; 3.811 ; 4.645 ; 4.645 ; 3.811 ;
; BCD_Entrada[4] ; BCD_Saida[10] ; 3.796 ; 4.594 ; 4.594 ; 3.796 ;
; BCD_Entrada[4] ; BCD_Saida[11] ; 3.843 ; 4.671 ; 4.671 ; 3.843 ;
; BCD_Entrada[4] ; BCD_Saida[12] ; 3.838 ; 4.698 ; 4.698 ; 3.838 ;
; BCD_Entrada[4] ; BCD_Saida[13] ; 4.769 ; 3.972 ; 3.972 ; 4.769 ;
; BCD_Entrada[4] ; BCD_Saida[14] ; 3.968 ; 5.129 ; 5.129 ; 3.968 ;
; BCD_Entrada[4] ; BCD_Saida[17] ; 4.003 ; 5.164 ; 5.164 ; 4.003 ;
; BCD_Entrada[4] ; BCD_Saida[18] ; 4.017 ; 5.178 ; 5.178 ; 4.017 ;
; BCD_Entrada[4] ; BCD_Saida[19] ; 4.017 ; 5.178 ; 5.178 ; 4.017 ;
; BCD_Entrada[5] ; BCD_Saida[0]  ; 4.176 ; 4.914 ; 4.914 ; 4.176 ;
; BCD_Entrada[5] ; BCD_Saida[1]  ; 4.116 ; 4.860 ; 4.860 ; 4.116 ;
; BCD_Entrada[5] ; BCD_Saida[2]  ; 4.133 ; 4.868 ; 4.868 ; 4.133 ;
; BCD_Entrada[5] ; BCD_Saida[3]  ; 4.051 ; 4.779 ; 4.779 ; 4.051 ;
; BCD_Entrada[5] ; BCD_Saida[4]  ; 4.030 ; 4.775 ; 4.775 ; 4.030 ;
; BCD_Entrada[5] ; BCD_Saida[5]  ; 4.033 ; 4.764 ; 4.764 ; 4.033 ;
; BCD_Entrada[5] ; BCD_Saida[6]  ; 4.793 ; 4.044 ; 4.044 ; 4.793 ;
; BCD_Entrada[5] ; BCD_Saida[7]  ; 4.132 ; 4.785 ; 4.785 ; 4.132 ;
; BCD_Entrada[5] ; BCD_Saida[8]  ; 4.131 ; 4.785 ; 4.785 ; 4.131 ;
; BCD_Entrada[5] ; BCD_Saida[9]  ; 3.891 ; 4.554 ; 4.554 ; 3.891 ;
; BCD_Entrada[5] ; BCD_Saida[10] ; 3.876 ; 4.500 ; 4.500 ; 3.876 ;
; BCD_Entrada[5] ; BCD_Saida[11] ; 3.923 ; 4.577 ; 4.577 ; 3.923 ;
; BCD_Entrada[5] ; BCD_Saida[12] ; 3.918 ; 4.604 ; 4.604 ; 3.918 ;
; BCD_Entrada[5] ; BCD_Saida[13] ; 4.675 ; 4.052 ; 4.052 ; 4.675 ;
; BCD_Entrada[5] ; BCD_Saida[14] ; 4.048 ; 5.083 ; 5.083 ; 4.048 ;
; BCD_Entrada[5] ; BCD_Saida[17] ; 4.083 ; 5.118 ; 5.118 ; 4.083 ;
; BCD_Entrada[5] ; BCD_Saida[18] ; 4.097 ; 5.132 ; 5.132 ; 4.097 ;
; BCD_Entrada[5] ; BCD_Saida[19] ; 4.097 ; 5.132 ; 5.132 ; 4.097 ;
; BCD_Entrada[6] ; BCD_Saida[0]  ; 3.908 ; 4.868 ; 4.868 ; 3.908 ;
; BCD_Entrada[6] ; BCD_Saida[1]  ; 3.848 ; 4.814 ; 4.814 ; 3.848 ;
; BCD_Entrada[6] ; BCD_Saida[2]  ; 3.865 ; 4.820 ; 4.820 ; 3.865 ;
; BCD_Entrada[6] ; BCD_Saida[3]  ; 3.783 ; 4.730 ; 4.730 ; 3.783 ;
; BCD_Entrada[6] ; BCD_Saida[4]  ; 3.762 ; 4.728 ; 4.728 ; 3.762 ;
; BCD_Entrada[6] ; BCD_Saida[5]  ; 3.765 ; 4.716 ; 4.716 ; 3.765 ;
; BCD_Entrada[6] ; BCD_Saida[6]  ; 4.617 ; 3.776 ; 3.776 ; 4.617 ;
; BCD_Entrada[6] ; BCD_Saida[7]  ; 3.864 ; 4.766 ; 4.766 ; 3.864 ;
; BCD_Entrada[6] ; BCD_Saida[8]  ; 3.863 ; 4.766 ; 4.766 ; 3.863 ;
; BCD_Entrada[6] ; BCD_Saida[9]  ; 3.623 ; 4.535 ; 4.535 ; 3.623 ;
; BCD_Entrada[6] ; BCD_Saida[10] ; 3.608 ; 4.481 ; 4.481 ; 3.608 ;
; BCD_Entrada[6] ; BCD_Saida[11] ; 3.655 ; 4.558 ; 4.558 ; 3.655 ;
; BCD_Entrada[6] ; BCD_Saida[12] ; 3.650 ; 4.585 ; 4.585 ; 3.650 ;
; BCD_Entrada[6] ; BCD_Saida[13] ; 4.656 ; 3.784 ; 3.784 ; 4.656 ;
; BCD_Entrada[6] ; BCD_Saida[14] ; 3.780 ; 5.069 ; 5.069 ; 3.780 ;
; BCD_Entrada[6] ; BCD_Saida[17] ; 3.815 ; 5.104 ; 5.104 ; 3.815 ;
; BCD_Entrada[6] ; BCD_Saida[18] ; 3.829 ; 5.118 ; 5.118 ; 3.829 ;
; BCD_Entrada[6] ; BCD_Saida[19] ; 3.829 ; 5.118 ; 5.118 ; 3.829 ;
+----------------+---------------+-------+-------+-------+-------+


+----------------------------------------------------------------------------+
; Multicorner Timing Analysis Summary                                        ;
+------------------+-------+------+----------+---------+---------------------+
; Clock            ; Setup ; Hold ; Recovery ; Removal ; Minimum Pulse Width ;
+------------------+-------+------+----------+---------+---------------------+
; Worst-case Slack ; N/A   ; N/A  ; N/A      ; N/A     ; N/A                 ;
; Design-wide TNS  ; 0.0   ; 0.0  ; 0.0      ; 0.0     ; 0.0                 ;
+------------------+-------+------+----------+---------+---------------------+


+--------------------------------------------------------------------+
; Progagation Delay                                                  ;
+----------------+---------------+--------+--------+--------+--------+
; Input Port     ; Output Port   ; RR     ; RF     ; FR     ; FF     ;
+----------------+---------------+--------+--------+--------+--------+
; BCD_Entrada[0] ; BCD_Saida[0]  ; 9.587  ; 8.353  ; 8.353  ; 9.587  ;
; BCD_Entrada[0] ; BCD_Saida[1]  ; 9.518  ; 8.269  ; 8.269  ; 9.518  ;
; BCD_Entrada[0] ; BCD_Saida[2]  ; 9.534  ; 8.130  ; 8.130  ; 9.534  ;
; BCD_Entrada[0] ; BCD_Saida[3]  ; 9.326  ; 8.067  ; 8.067  ; 9.326  ;
; BCD_Entrada[0] ; BCD_Saida[4]  ; 9.301  ;        ;        ; 9.301  ;
; BCD_Entrada[0] ; BCD_Saida[5]  ; 9.306  ;        ;        ; 9.306  ;
; BCD_Entrada[0] ; BCD_Saida[6]  ; 8.108  ; 9.290  ; 9.290  ; 8.108  ;
; BCD_Entrada[0] ; BCD_Saida[7]  ; 9.457  ;        ;        ; 9.457  ;
; BCD_Entrada[0] ; BCD_Saida[8]  ; 9.458  ;        ;        ; 9.458  ;
; BCD_Entrada[0] ; BCD_Saida[9]  ; 9.043  ;        ;        ; 9.043  ;
; BCD_Entrada[0] ; BCD_Saida[10] ; 9.012  ;        ;        ; 9.012  ;
; BCD_Entrada[0] ; BCD_Saida[11] ; 9.079  ;        ;        ; 9.079  ;
; BCD_Entrada[0] ; BCD_Saida[12] ; 9.147  ;        ;        ; 9.147  ;
; BCD_Entrada[0] ; BCD_Saida[13] ;        ; 9.401  ; 9.401  ;        ;
; BCD_Entrada[0] ; BCD_Saida[14] ; 9.341  ;        ;        ; 9.341  ;
; BCD_Entrada[0] ; BCD_Saida[17] ; 9.377  ;        ;        ; 9.377  ;
; BCD_Entrada[0] ; BCD_Saida[18] ; 9.421  ;        ;        ; 9.421  ;
; BCD_Entrada[0] ; BCD_Saida[19] ; 9.421  ;        ;        ; 9.421  ;
; BCD_Entrada[1] ; BCD_Saida[0]  ; 11.758 ; 11.758 ; 11.758 ; 11.758 ;
; BCD_Entrada[1] ; BCD_Saida[1]  ; 11.664 ; 11.664 ; 11.664 ; 11.664 ;
; BCD_Entrada[1] ; BCD_Saida[2]  ; 11.518 ; 11.518 ; 11.518 ; 11.518 ;
; BCD_Entrada[1] ; BCD_Saida[3]  ; 11.457 ; 11.457 ; 11.457 ; 11.457 ;
; BCD_Entrada[1] ; BCD_Saida[4]  ; 11.480 ; 11.480 ; 11.480 ; 11.480 ;
; BCD_Entrada[1] ; BCD_Saida[5]  ; 11.289 ; 11.289 ; 11.289 ; 11.289 ;
; BCD_Entrada[1] ; BCD_Saida[6]  ; 11.491 ; 11.491 ; 11.491 ; 11.491 ;
; BCD_Entrada[1] ; BCD_Saida[7]  ; 9.758  ; 9.758  ; 9.758  ; 9.758  ;
; BCD_Entrada[1] ; BCD_Saida[8]  ; 9.723  ; 9.723  ; 9.723  ; 9.723  ;
; BCD_Entrada[1] ; BCD_Saida[9]  ; 8.908  ; 9.197  ; 9.197  ; 8.908  ;
; BCD_Entrada[1] ; BCD_Saida[10] ; 9.147  ; 9.147  ; 9.147  ; 9.147  ;
; BCD_Entrada[1] ; BCD_Saida[11] ; 9.208  ;        ;        ; 9.208  ;
; BCD_Entrada[1] ; BCD_Saida[12] ; 9.344  ;        ;        ; 9.344  ;
; BCD_Entrada[1] ; BCD_Saida[13] ; 9.499  ; 9.266  ; 9.266  ; 9.499  ;
; BCD_Entrada[1] ; BCD_Saida[14] ; 9.206  ;        ;        ; 9.206  ;
; BCD_Entrada[1] ; BCD_Saida[17] ; 9.242  ;        ;        ; 9.242  ;
; BCD_Entrada[1] ; BCD_Saida[18] ; 9.286  ;        ;        ; 9.286  ;
; BCD_Entrada[1] ; BCD_Saida[19] ; 9.286  ;        ;        ; 9.286  ;
; BCD_Entrada[2] ; BCD_Saida[0]  ; 15.067 ; 15.067 ; 15.067 ; 15.067 ;
; BCD_Entrada[2] ; BCD_Saida[1]  ; 14.973 ; 14.973 ; 14.973 ; 14.973 ;
; BCD_Entrada[2] ; BCD_Saida[2]  ; 14.827 ; 14.827 ; 14.827 ; 14.827 ;
; BCD_Entrada[2] ; BCD_Saida[3]  ; 14.766 ; 14.766 ; 14.766 ; 14.766 ;
; BCD_Entrada[2] ; BCD_Saida[4]  ; 14.789 ; 14.789 ; 14.789 ; 14.789 ;
; BCD_Entrada[2] ; BCD_Saida[5]  ; 14.598 ; 14.598 ; 14.598 ; 14.598 ;
; BCD_Entrada[2] ; BCD_Saida[6]  ; 14.800 ; 14.800 ; 14.800 ; 14.800 ;
; BCD_Entrada[2] ; BCD_Saida[7]  ; 13.579 ; 13.579 ; 13.579 ; 13.579 ;
; BCD_Entrada[2] ; BCD_Saida[8]  ; 13.544 ; 13.544 ; 13.544 ; 13.544 ;
; BCD_Entrada[2] ; BCD_Saida[9]  ; 13.018 ; 12.642 ; 12.642 ; 13.018 ;
; BCD_Entrada[2] ; BCD_Saida[10] ; 12.968 ; 12.968 ; 12.968 ; 12.968 ;
; BCD_Entrada[2] ; BCD_Saida[11] ; 12.660 ; 13.029 ; 13.029 ; 12.660 ;
; BCD_Entrada[2] ; BCD_Saida[12] ; 12.792 ; 13.165 ; 13.165 ; 12.792 ;
; BCD_Entrada[2] ; BCD_Saida[13] ; 12.946 ; 13.320 ; 13.320 ; 12.946 ;
; BCD_Entrada[2] ; BCD_Saida[14] ; 11.367 ;        ;        ; 11.367 ;
; BCD_Entrada[2] ; BCD_Saida[17] ; 11.403 ;        ;        ; 11.403 ;
; BCD_Entrada[2] ; BCD_Saida[18] ; 11.447 ;        ;        ; 11.447 ;
; BCD_Entrada[2] ; BCD_Saida[19] ; 11.447 ;        ;        ; 11.447 ;
; BCD_Entrada[3] ; BCD_Saida[0]  ; 16.552 ; 16.552 ; 16.552 ; 16.552 ;
; BCD_Entrada[3] ; BCD_Saida[1]  ; 16.458 ; 16.458 ; 16.458 ; 16.458 ;
; BCD_Entrada[3] ; BCD_Saida[2]  ; 16.312 ; 16.312 ; 16.312 ; 16.312 ;
; BCD_Entrada[3] ; BCD_Saida[3]  ; 16.251 ; 16.251 ; 16.251 ; 16.251 ;
; BCD_Entrada[3] ; BCD_Saida[4]  ; 16.274 ; 16.274 ; 16.274 ; 16.274 ;
; BCD_Entrada[3] ; BCD_Saida[5]  ; 16.083 ; 16.083 ; 16.083 ; 16.083 ;
; BCD_Entrada[3] ; BCD_Saida[6]  ; 16.285 ; 16.285 ; 16.285 ; 16.285 ;
; BCD_Entrada[3] ; BCD_Saida[7]  ; 15.375 ; 15.375 ; 15.375 ; 15.375 ;
; BCD_Entrada[3] ; BCD_Saida[8]  ; 15.340 ; 15.340 ; 15.340 ; 15.340 ;
; BCD_Entrada[3] ; BCD_Saida[9]  ; 14.814 ; 14.610 ; 14.610 ; 14.814 ;
; BCD_Entrada[3] ; BCD_Saida[10] ; 14.764 ; 14.764 ; 14.764 ; 14.764 ;
; BCD_Entrada[3] ; BCD_Saida[11] ; 14.621 ; 14.825 ; 14.825 ; 14.621 ;
; BCD_Entrada[3] ; BCD_Saida[12] ; 14.757 ; 14.961 ; 14.961 ; 14.757 ;
; BCD_Entrada[3] ; BCD_Saida[13] ; 14.912 ; 15.116 ; 15.116 ; 14.912 ;
; BCD_Entrada[3] ; BCD_Saida[14] ; 13.163 ; 12.959 ; 12.959 ; 13.163 ;
; BCD_Entrada[3] ; BCD_Saida[17] ; 13.199 ; 12.995 ; 12.995 ; 13.199 ;
; BCD_Entrada[3] ; BCD_Saida[18] ; 13.243 ; 13.039 ; 13.039 ; 13.243 ;
; BCD_Entrada[3] ; BCD_Saida[19] ; 13.243 ; 13.039 ; 13.039 ; 13.243 ;
; BCD_Entrada[4] ; BCD_Saida[0]  ; 17.996 ; 17.996 ; 17.996 ; 17.996 ;
; BCD_Entrada[4] ; BCD_Saida[1]  ; 17.902 ; 17.902 ; 17.902 ; 17.902 ;
; BCD_Entrada[4] ; BCD_Saida[2]  ; 17.756 ; 17.756 ; 17.756 ; 17.756 ;
; BCD_Entrada[4] ; BCD_Saida[3]  ; 17.695 ; 17.695 ; 17.695 ; 17.695 ;
; BCD_Entrada[4] ; BCD_Saida[4]  ; 17.718 ; 17.718 ; 17.718 ; 17.718 ;
; BCD_Entrada[4] ; BCD_Saida[5]  ; 17.527 ; 17.527 ; 17.527 ; 17.527 ;
; BCD_Entrada[4] ; BCD_Saida[6]  ; 17.729 ; 17.729 ; 17.729 ; 17.729 ;
; BCD_Entrada[4] ; BCD_Saida[7]  ; 16.379 ; 16.379 ; 16.379 ; 16.379 ;
; BCD_Entrada[4] ; BCD_Saida[8]  ; 16.344 ; 16.344 ; 16.344 ; 16.344 ;
; BCD_Entrada[4] ; BCD_Saida[9]  ; 15.818 ; 15.796 ; 15.796 ; 15.818 ;
; BCD_Entrada[4] ; BCD_Saida[10] ; 15.768 ; 15.768 ; 15.768 ; 15.768 ;
; BCD_Entrada[4] ; BCD_Saida[11] ; 15.807 ; 15.829 ; 15.829 ; 15.807 ;
; BCD_Entrada[4] ; BCD_Saida[12] ; 15.943 ; 15.965 ; 15.965 ; 15.943 ;
; BCD_Entrada[4] ; BCD_Saida[13] ; 16.098 ; 16.120 ; 16.120 ; 16.098 ;
; BCD_Entrada[4] ; BCD_Saida[14] ; 14.167 ; 14.145 ; 14.145 ; 14.167 ;
; BCD_Entrada[4] ; BCD_Saida[17] ; 14.203 ; 14.181 ; 14.181 ; 14.203 ;
; BCD_Entrada[4] ; BCD_Saida[18] ; 14.247 ; 14.225 ; 14.225 ; 14.247 ;
; BCD_Entrada[4] ; BCD_Saida[19] ; 14.247 ; 14.225 ; 14.225 ; 14.247 ;
; BCD_Entrada[5] ; BCD_Saida[0]  ; 18.151 ; 18.151 ; 18.151 ; 18.151 ;
; BCD_Entrada[5] ; BCD_Saida[1]  ; 18.057 ; 18.057 ; 18.057 ; 18.057 ;
; BCD_Entrada[5] ; BCD_Saida[2]  ; 17.911 ; 17.911 ; 17.911 ; 17.911 ;
; BCD_Entrada[5] ; BCD_Saida[3]  ; 17.850 ; 17.850 ; 17.850 ; 17.850 ;
; BCD_Entrada[5] ; BCD_Saida[4]  ; 17.873 ; 17.873 ; 17.873 ; 17.873 ;
; BCD_Entrada[5] ; BCD_Saida[5]  ; 17.682 ; 17.682 ; 17.682 ; 17.682 ;
; BCD_Entrada[5] ; BCD_Saida[6]  ; 17.884 ; 17.884 ; 17.884 ; 17.884 ;
; BCD_Entrada[5] ; BCD_Saida[7]  ; 16.187 ; 16.187 ; 16.187 ; 16.187 ;
; BCD_Entrada[5] ; BCD_Saida[8]  ; 16.152 ; 16.152 ; 16.152 ; 16.152 ;
; BCD_Entrada[5] ; BCD_Saida[9]  ; 15.626 ; 15.604 ; 15.604 ; 15.626 ;
; BCD_Entrada[5] ; BCD_Saida[10] ; 15.576 ; 15.576 ; 15.576 ; 15.576 ;
; BCD_Entrada[5] ; BCD_Saida[11] ; 15.615 ; 15.637 ; 15.637 ; 15.615 ;
; BCD_Entrada[5] ; BCD_Saida[12] ; 15.751 ; 15.773 ; 15.773 ; 15.751 ;
; BCD_Entrada[5] ; BCD_Saida[13] ; 15.906 ; 15.928 ; 15.928 ; 15.906 ;
; BCD_Entrada[5] ; BCD_Saida[14] ; 13.975 ; 13.953 ; 13.953 ; 13.975 ;
; BCD_Entrada[5] ; BCD_Saida[17] ; 14.011 ; 13.989 ; 13.989 ; 14.011 ;
; BCD_Entrada[5] ; BCD_Saida[18] ; 14.055 ; 14.033 ; 14.033 ; 14.055 ;
; BCD_Entrada[5] ; BCD_Saida[19] ; 14.055 ; 14.033 ; 14.033 ; 14.055 ;
; BCD_Entrada[6] ; BCD_Saida[0]  ; 17.765 ; 17.765 ; 17.765 ; 17.765 ;
; BCD_Entrada[6] ; BCD_Saida[1]  ; 17.671 ; 17.671 ; 17.671 ; 17.671 ;
; BCD_Entrada[6] ; BCD_Saida[2]  ; 17.525 ; 17.525 ; 17.525 ; 17.525 ;
; BCD_Entrada[6] ; BCD_Saida[3]  ; 17.464 ; 17.464 ; 17.464 ; 17.464 ;
; BCD_Entrada[6] ; BCD_Saida[4]  ; 17.487 ; 17.487 ; 17.487 ; 17.487 ;
; BCD_Entrada[6] ; BCD_Saida[5]  ; 17.296 ; 17.296 ; 17.296 ; 17.296 ;
; BCD_Entrada[6] ; BCD_Saida[6]  ; 17.498 ; 17.498 ; 17.498 ; 17.498 ;
; BCD_Entrada[6] ; BCD_Saida[7]  ; 16.147 ; 16.147 ; 16.147 ; 16.147 ;
; BCD_Entrada[6] ; BCD_Saida[8]  ; 16.112 ; 16.112 ; 16.112 ; 16.112 ;
; BCD_Entrada[6] ; BCD_Saida[9]  ; 15.586 ; 15.547 ; 15.547 ; 15.586 ;
; BCD_Entrada[6] ; BCD_Saida[10] ; 15.536 ; 15.536 ; 15.536 ; 15.536 ;
; BCD_Entrada[6] ; BCD_Saida[11] ; 15.558 ; 15.597 ; 15.597 ; 15.558 ;
; BCD_Entrada[6] ; BCD_Saida[12] ; 15.694 ; 15.733 ; 15.733 ; 15.694 ;
; BCD_Entrada[6] ; BCD_Saida[13] ; 15.849 ; 15.888 ; 15.888 ; 15.849 ;
; BCD_Entrada[6] ; BCD_Saida[14] ; 13.935 ; 13.896 ; 13.896 ; 13.935 ;
; BCD_Entrada[6] ; BCD_Saida[17] ; 13.971 ; 13.932 ; 13.932 ; 13.971 ;
; BCD_Entrada[6] ; BCD_Saida[18] ; 14.015 ; 13.976 ; 13.976 ; 14.015 ;
; BCD_Entrada[6] ; BCD_Saida[19] ; 14.015 ; 13.976 ; 13.976 ; 14.015 ;
+----------------+---------------+--------+--------+--------+--------+


+----------------------------------------------------------------+
; Minimum Progagation Delay                                      ;
+----------------+---------------+-------+-------+-------+-------+
; Input Port     ; Output Port   ; RR    ; RF    ; FR    ; FF    ;
+----------------+---------------+-------+-------+-------+-------+
; BCD_Entrada[0] ; BCD_Saida[0]  ; 4.307 ; 4.307 ; 4.307 ; 4.307 ;
; BCD_Entrada[0] ; BCD_Saida[1]  ; 4.253 ; 4.253 ; 4.253 ; 4.253 ;
; BCD_Entrada[0] ; BCD_Saida[2]  ; 4.854 ; 4.192 ; 4.192 ; 4.854 ;
; BCD_Entrada[0] ; BCD_Saida[3]  ; 4.178 ; 4.178 ; 4.178 ; 4.178 ;
; BCD_Entrada[0] ; BCD_Saida[4]  ; 4.173 ;       ;       ; 4.173 ;
; BCD_Entrada[0] ; BCD_Saida[5]  ; 4.092 ;       ;       ; 4.092 ;
; BCD_Entrada[0] ; BCD_Saida[6]  ; 4.187 ; 4.765 ; 4.765 ; 4.187 ;
; BCD_Entrada[0] ; BCD_Saida[7]  ; 4.853 ;       ;       ; 4.853 ;
; BCD_Entrada[0] ; BCD_Saida[8]  ; 4.852 ;       ;       ; 4.852 ;
; BCD_Entrada[0] ; BCD_Saida[9]  ; 4.612 ;       ;       ; 4.612 ;
; BCD_Entrada[0] ; BCD_Saida[10] ; 4.597 ;       ;       ; 4.597 ;
; BCD_Entrada[0] ; BCD_Saida[11] ; 4.644 ;       ;       ; 4.644 ;
; BCD_Entrada[0] ; BCD_Saida[12] ; 4.639 ;       ;       ; 4.639 ;
; BCD_Entrada[0] ; BCD_Saida[13] ;       ; 4.773 ; 4.773 ;       ;
; BCD_Entrada[0] ; BCD_Saida[14] ; 4.769 ;       ;       ; 4.769 ;
; BCD_Entrada[0] ; BCD_Saida[17] ; 4.804 ;       ;       ; 4.804 ;
; BCD_Entrada[0] ; BCD_Saida[18] ; 4.818 ;       ;       ; 4.818 ;
; BCD_Entrada[0] ; BCD_Saida[19] ; 4.818 ;       ;       ; 4.818 ;
; BCD_Entrada[1] ; BCD_Saida[0]  ; 4.534 ; 4.534 ; 4.534 ; 4.534 ;
; BCD_Entrada[1] ; BCD_Saida[1]  ; 4.471 ; 4.471 ; 4.471 ; 4.471 ;
; BCD_Entrada[1] ; BCD_Saida[2]  ; 4.404 ; 4.931 ; 4.931 ; 4.404 ;
; BCD_Entrada[1] ; BCD_Saida[3]  ; 4.393 ; 4.393 ; 4.393 ; 4.393 ;
; BCD_Entrada[1] ; BCD_Saida[4]  ; 4.394 ; 4.394 ; 4.394 ; 4.394 ;
; BCD_Entrada[1] ; BCD_Saida[5]  ; 4.304 ; 4.827 ; 4.827 ; 4.304 ;
; BCD_Entrada[1] ; BCD_Saida[6]  ; 4.398 ; 4.398 ; 4.398 ; 4.398 ;
; BCD_Entrada[1] ; BCD_Saida[7]  ; 4.703 ; 4.703 ; 4.703 ; 4.703 ;
; BCD_Entrada[1] ; BCD_Saida[8]  ; 4.685 ; 4.685 ; 4.685 ; 4.685 ;
; BCD_Entrada[1] ; BCD_Saida[9]  ; 4.541 ; 4.397 ; 4.397 ; 4.541 ;
; BCD_Entrada[1] ; BCD_Saida[10] ; 4.365 ; 4.365 ; 4.365 ; 4.365 ;
; BCD_Entrada[1] ; BCD_Saida[11] ; 4.410 ;       ;       ; 4.410 ;
; BCD_Entrada[1] ; BCD_Saida[12] ; 4.472 ;       ;       ; 4.472 ;
; BCD_Entrada[1] ; BCD_Saida[13] ; 4.547 ; 4.702 ; 4.702 ; 4.547 ;
; BCD_Entrada[1] ; BCD_Saida[14] ; 4.698 ;       ;       ; 4.698 ;
; BCD_Entrada[1] ; BCD_Saida[17] ; 4.733 ;       ;       ; 4.733 ;
; BCD_Entrada[1] ; BCD_Saida[18] ; 4.747 ;       ;       ; 4.747 ;
; BCD_Entrada[1] ; BCD_Saida[19] ; 4.747 ;       ;       ; 4.747 ;
; BCD_Entrada[2] ; BCD_Saida[0]  ; 4.755 ; 5.178 ; 5.178 ; 4.755 ;
; BCD_Entrada[2] ; BCD_Saida[1]  ; 4.695 ; 5.124 ; 5.124 ; 4.695 ;
; BCD_Entrada[2] ; BCD_Saida[2]  ; 4.712 ; 5.132 ; 5.132 ; 4.712 ;
; BCD_Entrada[2] ; BCD_Saida[3]  ; 4.630 ; 5.043 ; 5.043 ; 4.630 ;
; BCD_Entrada[2] ; BCD_Saida[4]  ; 4.609 ; 5.039 ; 5.039 ; 4.609 ;
; BCD_Entrada[2] ; BCD_Saida[5]  ; 4.612 ; 5.028 ; 5.028 ; 4.612 ;
; BCD_Entrada[2] ; BCD_Saida[6]  ; 5.057 ; 4.623 ; 4.623 ; 5.057 ;
; BCD_Entrada[2] ; BCD_Saida[7]  ; 4.711 ; 5.271 ; 5.271 ; 4.711 ;
; BCD_Entrada[2] ; BCD_Saida[8]  ; 4.710 ; 5.253 ; 5.253 ; 4.710 ;
; BCD_Entrada[2] ; BCD_Saida[9]  ; 4.470 ; 4.965 ; 4.965 ; 4.470 ;
; BCD_Entrada[2] ; BCD_Saida[10] ; 4.455 ; 4.933 ; 4.933 ; 4.455 ;
; BCD_Entrada[2] ; BCD_Saida[11] ; 4.502 ; 5.353 ; 5.353 ; 4.502 ;
; BCD_Entrada[2] ; BCD_Saida[12] ; 4.497 ; 5.589 ; 5.589 ; 4.497 ;
; BCD_Entrada[2] ; BCD_Saida[13] ; 5.115 ; 4.631 ; 4.631 ; 5.115 ;
; BCD_Entrada[2] ; BCD_Saida[14] ; 4.627 ;       ;       ; 4.627 ;
; BCD_Entrada[2] ; BCD_Saida[17] ; 4.662 ;       ;       ; 4.662 ;
; BCD_Entrada[2] ; BCD_Saida[18] ; 4.676 ;       ;       ; 4.676 ;
; BCD_Entrada[2] ; BCD_Saida[19] ; 4.676 ;       ;       ; 4.676 ;
; BCD_Entrada[3] ; BCD_Saida[0]  ; 4.305 ; 4.683 ; 4.683 ; 4.305 ;
; BCD_Entrada[3] ; BCD_Saida[1]  ; 4.245 ; 4.629 ; 4.629 ; 4.245 ;
; BCD_Entrada[3] ; BCD_Saida[2]  ; 4.262 ; 4.637 ; 4.637 ; 4.262 ;
; BCD_Entrada[3] ; BCD_Saida[3]  ; 4.180 ; 4.548 ; 4.548 ; 4.180 ;
; BCD_Entrada[3] ; BCD_Saida[4]  ; 4.159 ; 4.544 ; 4.544 ; 4.159 ;
; BCD_Entrada[3] ; BCD_Saida[5]  ; 4.162 ; 4.533 ; 4.533 ; 4.162 ;
; BCD_Entrada[3] ; BCD_Saida[6]  ; 4.562 ; 4.173 ; 4.173 ; 4.562 ;
; BCD_Entrada[3] ; BCD_Saida[7]  ; 4.261 ; 4.875 ; 4.875 ; 4.261 ;
; BCD_Entrada[3] ; BCD_Saida[8]  ; 4.260 ; 4.857 ; 4.857 ; 4.260 ;
; BCD_Entrada[3] ; BCD_Saida[9]  ; 4.020 ; 4.569 ; 4.569 ; 4.020 ;
; BCD_Entrada[3] ; BCD_Saida[10] ; 4.005 ; 4.537 ; 4.537 ; 4.005 ;
; BCD_Entrada[3] ; BCD_Saida[11] ; 4.052 ; 5.001 ; 5.001 ; 4.052 ;
; BCD_Entrada[3] ; BCD_Saida[12] ; 4.047 ; 4.830 ; 4.830 ; 4.047 ;
; BCD_Entrada[3] ; BCD_Saida[13] ; 4.719 ; 4.181 ; 4.181 ; 4.719 ;
; BCD_Entrada[3] ; BCD_Saida[14] ; 4.177 ; 5.635 ; 5.635 ; 4.177 ;
; BCD_Entrada[3] ; BCD_Saida[17] ; 4.212 ; 5.670 ; 5.670 ; 4.212 ;
; BCD_Entrada[3] ; BCD_Saida[18] ; 4.226 ; 5.684 ; 5.684 ; 4.226 ;
; BCD_Entrada[3] ; BCD_Saida[19] ; 4.226 ; 5.684 ; 5.684 ; 4.226 ;
; BCD_Entrada[4] ; BCD_Saida[0]  ; 4.096 ; 4.912 ; 4.912 ; 4.096 ;
; BCD_Entrada[4] ; BCD_Saida[1]  ; 4.036 ; 4.858 ; 4.858 ; 4.036 ;
; BCD_Entrada[4] ; BCD_Saida[2]  ; 4.053 ; 4.866 ; 4.866 ; 4.053 ;
; BCD_Entrada[4] ; BCD_Saida[3]  ; 3.971 ; 4.777 ; 4.777 ; 3.971 ;
; BCD_Entrada[4] ; BCD_Saida[4]  ; 3.950 ; 4.773 ; 4.773 ; 3.950 ;
; BCD_Entrada[4] ; BCD_Saida[5]  ; 3.953 ; 4.762 ; 4.762 ; 3.953 ;
; BCD_Entrada[4] ; BCD_Saida[6]  ; 4.791 ; 3.964 ; 3.964 ; 4.791 ;
; BCD_Entrada[4] ; BCD_Saida[7]  ; 4.052 ; 4.879 ; 4.879 ; 4.052 ;
; BCD_Entrada[4] ; BCD_Saida[8]  ; 4.051 ; 4.879 ; 4.879 ; 4.051 ;
; BCD_Entrada[4] ; BCD_Saida[9]  ; 3.811 ; 4.645 ; 4.645 ; 3.811 ;
; BCD_Entrada[4] ; BCD_Saida[10] ; 3.796 ; 4.594 ; 4.594 ; 3.796 ;
; BCD_Entrada[4] ; BCD_Saida[11] ; 3.843 ; 4.671 ; 4.671 ; 3.843 ;
; BCD_Entrada[4] ; BCD_Saida[12] ; 3.838 ; 4.698 ; 4.698 ; 3.838 ;
; BCD_Entrada[4] ; BCD_Saida[13] ; 4.769 ; 3.972 ; 3.972 ; 4.769 ;
; BCD_Entrada[4] ; BCD_Saida[14] ; 3.968 ; 5.129 ; 5.129 ; 3.968 ;
; BCD_Entrada[4] ; BCD_Saida[17] ; 4.003 ; 5.164 ; 5.164 ; 4.003 ;
; BCD_Entrada[4] ; BCD_Saida[18] ; 4.017 ; 5.178 ; 5.178 ; 4.017 ;
; BCD_Entrada[4] ; BCD_Saida[19] ; 4.017 ; 5.178 ; 5.178 ; 4.017 ;
; BCD_Entrada[5] ; BCD_Saida[0]  ; 4.176 ; 4.914 ; 4.914 ; 4.176 ;
; BCD_Entrada[5] ; BCD_Saida[1]  ; 4.116 ; 4.860 ; 4.860 ; 4.116 ;
; BCD_Entrada[5] ; BCD_Saida[2]  ; 4.133 ; 4.868 ; 4.868 ; 4.133 ;
; BCD_Entrada[5] ; BCD_Saida[3]  ; 4.051 ; 4.779 ; 4.779 ; 4.051 ;
; BCD_Entrada[5] ; BCD_Saida[4]  ; 4.030 ; 4.775 ; 4.775 ; 4.030 ;
; BCD_Entrada[5] ; BCD_Saida[5]  ; 4.033 ; 4.764 ; 4.764 ; 4.033 ;
; BCD_Entrada[5] ; BCD_Saida[6]  ; 4.793 ; 4.044 ; 4.044 ; 4.793 ;
; BCD_Entrada[5] ; BCD_Saida[7]  ; 4.132 ; 4.785 ; 4.785 ; 4.132 ;
; BCD_Entrada[5] ; BCD_Saida[8]  ; 4.131 ; 4.785 ; 4.785 ; 4.131 ;
; BCD_Entrada[5] ; BCD_Saida[9]  ; 3.891 ; 4.554 ; 4.554 ; 3.891 ;
; BCD_Entrada[5] ; BCD_Saida[10] ; 3.876 ; 4.500 ; 4.500 ; 3.876 ;
; BCD_Entrada[5] ; BCD_Saida[11] ; 3.923 ; 4.577 ; 4.577 ; 3.923 ;
; BCD_Entrada[5] ; BCD_Saida[12] ; 3.918 ; 4.604 ; 4.604 ; 3.918 ;
; BCD_Entrada[5] ; BCD_Saida[13] ; 4.675 ; 4.052 ; 4.052 ; 4.675 ;
; BCD_Entrada[5] ; BCD_Saida[14] ; 4.048 ; 5.083 ; 5.083 ; 4.048 ;
; BCD_Entrada[5] ; BCD_Saida[17] ; 4.083 ; 5.118 ; 5.118 ; 4.083 ;
; BCD_Entrada[5] ; BCD_Saida[18] ; 4.097 ; 5.132 ; 5.132 ; 4.097 ;
; BCD_Entrada[5] ; BCD_Saida[19] ; 4.097 ; 5.132 ; 5.132 ; 4.097 ;
; BCD_Entrada[6] ; BCD_Saida[0]  ; 3.908 ; 4.868 ; 4.868 ; 3.908 ;
; BCD_Entrada[6] ; BCD_Saida[1]  ; 3.848 ; 4.814 ; 4.814 ; 3.848 ;
; BCD_Entrada[6] ; BCD_Saida[2]  ; 3.865 ; 4.820 ; 4.820 ; 3.865 ;
; BCD_Entrada[6] ; BCD_Saida[3]  ; 3.783 ; 4.730 ; 4.730 ; 3.783 ;
; BCD_Entrada[6] ; BCD_Saida[4]  ; 3.762 ; 4.728 ; 4.728 ; 3.762 ;
; BCD_Entrada[6] ; BCD_Saida[5]  ; 3.765 ; 4.716 ; 4.716 ; 3.765 ;
; BCD_Entrada[6] ; BCD_Saida[6]  ; 4.617 ; 3.776 ; 3.776 ; 4.617 ;
; BCD_Entrada[6] ; BCD_Saida[7]  ; 3.864 ; 4.766 ; 4.766 ; 3.864 ;
; BCD_Entrada[6] ; BCD_Saida[8]  ; 3.863 ; 4.766 ; 4.766 ; 3.863 ;
; BCD_Entrada[6] ; BCD_Saida[9]  ; 3.623 ; 4.535 ; 4.535 ; 3.623 ;
; BCD_Entrada[6] ; BCD_Saida[10] ; 3.608 ; 4.481 ; 4.481 ; 3.608 ;
; BCD_Entrada[6] ; BCD_Saida[11] ; 3.655 ; 4.558 ; 4.558 ; 3.655 ;
; BCD_Entrada[6] ; BCD_Saida[12] ; 3.650 ; 4.585 ; 4.585 ; 3.650 ;
; BCD_Entrada[6] ; BCD_Saida[13] ; 4.656 ; 3.784 ; 3.784 ; 4.656 ;
; BCD_Entrada[6] ; BCD_Saida[14] ; 3.780 ; 5.069 ; 5.069 ; 3.780 ;
; BCD_Entrada[6] ; BCD_Saida[17] ; 3.815 ; 5.104 ; 5.104 ; 3.815 ;
; BCD_Entrada[6] ; BCD_Saida[18] ; 3.829 ; 5.118 ; 5.118 ; 3.829 ;
; BCD_Entrada[6] ; BCD_Saida[19] ; 3.829 ; 5.118 ; 5.118 ; 3.829 ;
+----------------+---------------+-------+-------+-------+-------+


-------------------
; Clock Transfers ;
-------------------
Nothing to report.


---------------
; Report TCCS ;
---------------
No dedicated SERDES Transmitter circuitry present in device or used in design


---------------
; Report RSKM ;
---------------
No dedicated SERDES Receiver circuitry present in device or used in design


+------------------------------------------------+
; Unconstrained Paths                            ;
+---------------------------------+-------+------+
; Property                        ; Setup ; Hold ;
+---------------------------------+-------+------+
; Illegal Clocks                  ; 0     ; 0    ;
; Unconstrained Clocks            ; 0     ; 0    ;
; Unconstrained Input Ports       ; 7     ; 7    ;
; Unconstrained Input Port Paths  ; 126   ; 126  ;
; Unconstrained Output Ports      ; 18    ; 18   ;
; Unconstrained Output Port Paths ; 126   ; 126  ;
+---------------------------------+-------+------+


+------------------------------------+
; TimeQuest Timing Analyzer Messages ;
+------------------------------------+
Info: *******************************************************************
Info: Running Quartus II 64-Bit TimeQuest Timing Analyzer
    Info: Version 13.0.1 Build 232 06/12/2013 Service Pack 1 SJ Web Edition
    Info: Processing started: Wed Jul 03 11:11:53 2024
Info: Command: quartus_sta BCD_7sWd -c BCD_7sWd
Info: qsta_default_script.tcl version: #1
Warning (20028): Parallel compilation is not licensed and has been disabled
Info (21077): Low junction temperature is 0 degrees C
Info (21077): High junction temperature is 85 degrees C
Critical Warning (332012): Synopsys Design Constraints File file not found: 'BCD_7sWd.sdc'. A Synopsys Design Constraints File is required by the TimeQuest Timing Analyzer to get proper timing constraints. Without it, the Compiler will not properly optimize the design.
Info (332142): No user constrained base clocks found in the design. Calling "derive_clocks -period 1.0"
Info (332096): The command derive_clocks did not find any clocks to derive.  No clocks were created or changed.
Warning (332068): No clocks defined in design.
Info: Found TIMEQUEST_REPORT_SCRIPT_INCLUDE_DEFAULT_ANALYSIS = ON
Info (332159): No clocks to report
Info: Analyzing Slow Model
Info (332140): No fmax paths to report
Info (332140): No Setup paths to report
Info (332140): No Hold paths to report
Info (332140): No Recovery paths to report
Info (332140): No Removal paths to report
Info (332140): No Minimum Pulse Width paths to report
Info (332001): The selected device family is not supported by the report_metastability command.
Info: Analyzing Fast Model
Info (332142): No user constrained base clocks found in the design. Calling "derive_clocks -period 1.0"
Info (332096): The command derive_clocks did not find any clocks to derive.  No clocks were created or changed.
Warning (332068): No clocks defined in design.
Info (332140): No Setup paths to report
Info (332140): No Hold paths to report
Info (332140): No Recovery paths to report
Info (332140): No Removal paths to report
Info (332140): No Minimum Pulse Width paths to report
Info (332001): The selected device family is not supported by the report_metastability command.
Info (332102): Design is not fully constrained for setup requirements
Info (332102): Design is not fully constrained for hold requirements
Info: Quartus II 64-Bit TimeQuest Timing Analyzer was successful. 0 errors, 4 warnings
    Info: Peak virtual memory: 4555 megabytes
    Info: Processing ended: Wed Jul 03 11:11:55 2024
    Info: Elapsed time: 00:00:02
    Info: Total CPU time (on all processors): 00:00:01


