Info: Start Nativelink Simulation process

========= EDA Simulation Settings =====================

Sim Mode              :  Gate
Family                :  cycloneii
Quartus root          :  a:/program files/altera/quartus/bin64/
Quartus sim root      :  a:/program files/altera/quartus/eda/sim_lib
Simulation Tool       :  modelsim-altera
Simulation Language   :  vhdl
Version               :  93
Simulation Mode       :  GUI
Sim Output File       :  SingleROM.vho
Sim SDF file          :  SingleROM__vhdl.sdo
Sim dir               :  simulation\modelsim

=======================================================

Info: Starting NativeLink simulation with ModelSim-Altera software
Sourced NativeLink script a:/program files/altera/quartus/common/tcl/internal/nativelink/modelsim.tcl
Warning: File SingleROM_run_msim_gate_vhdl.do already exists - backing up current file as SingleROM_run_msim_gate_vhdl.do.bak2
Probing transcript
ModelSim-Altera Info: # Reading A:/Program Files/Altera/modelsim_ase/tcl/vsim/pref.tcl 
Info: NativeLink simulation flow was successful
